[2014-09-10 10:49:06] [debug] ( prunsrv.c:1679) [ 1656] Commons Daemon procrun log initialized
[2014-09-10 10:49:06] [info]  ( prunsrv.c:1683) [ 1656] Commons Daemon procrun (1.0.15.0 32-bit) started
[2014-09-10 10:49:06] [info]  ( prunsrv.c:1596) [ 1656] Running 'JettyService' Service...
[2014-09-10 10:49:06] [debug] ( prunsrv.c:1374) [ 2056] Inside ServiceMain...
[2014-09-10 10:49:06] [debug] ( prunsrv.c:844 ) [ 2056] reportServiceStatusE: 2, 0, 3000, 0
[2014-09-10 10:49:06] [info]  ( prunsrv.c:1127) [ 2056] Starting service...
[2014-09-10 10:49:07] [info]  ( prunsrv.c:1284) [ 2056] Service started in 468 ms.
[2014-09-10 10:49:07] [debug] ( prunsrv.c:844 ) [ 2056] reportServiceStatusE: 4, 0, 0, 0
[2014-09-10 10:49:07] [debug] ( prunsrv.c:1528) [ 2056] Waiting for worker to finish...
[2014-09-10 10:50:40] [debug] ( prunsrv.c:844 ) [ 1656] reportServiceStatusE: 4, 0, 0, 0
[2014-09-10 10:50:40] [debug] ( prunsrv.c:844 ) [ 1656] reportServiceStatusE: 4, 0, 0, 0
[2014-09-10 10:50:40] [debug] ( prunsrv.c:844 ) [ 1656] reportServiceStatusE: 4, 0, 0, 0
[2014-09-10 10:50:40] [debug] ( prunsrv.c:844 ) [ 1656] reportServiceStatusE: 4, 0, 0, 0
[2014-09-10 10:50:46] [debug] ( prunsrv.c:844 ) [ 1656] reportServiceStatusE: 4, 0, 0, 0
[2014-09-10 10:50:46] [debug] ( prunsrv.c:844 ) [ 1656] reportServiceStatusE: 4, 0, 0, 0
[2014-09-10 10:50:46] [debug] ( prunsrv.c:844 ) [ 1656] reportServiceStatusE: 4, 0, 0, 0
[2014-09-10 10:50:53] [debug] ( prunsrv.c:844 ) [ 1656] reportServiceStatusE: 4, 0, 0, 0
[2014-09-10 10:50:53] [debug] ( prunsrv.c:844 ) [ 1656] reportServiceStatusE: 4, 0, 0, 0
[2014-09-10 10:50:53] [debug] ( prunsrv.c:844 ) [ 1656] reportServiceStatusE: 4, 0, 0, 0
[2014-09-10 10:51:00] [debug] ( prunsrv.c:844 ) [ 1656] reportServiceStatusE: 4, 0, 0, 0
[2014-09-10 10:51:00] [debug] ( prunsrv.c:844 ) [ 1656] reportServiceStatusE: 4, 0, 0, 0
[2014-09-10 10:51:00] [debug] ( prunsrv.c:844 ) [ 1656] reportServiceStatusE: 4, 0, 0, 0
[2014-09-10 10:51:06] [debug] ( prunsrv.c:844 ) [ 1656] reportServiceStatusE: 4, 0, 0, 0
[2014-09-10 10:51:06] [debug] ( prunsrv.c:844 ) [ 1656] reportServiceStatusE: 4, 0, 0, 0
[2014-09-10 10:51:06] [debug] ( prunsrv.c:844 ) [ 1656] reportServiceStatusE: 4, 0, 0, 0
[2014-09-10 10:51:11] [debug] ( prunsrv.c:844 ) [ 1656] reportServiceStatusE: 4, 0, 0, 0
[2014-09-10 10:51:11] [debug] ( prunsrv.c:844 ) [ 1656] reportServiceStatusE: 4, 0, 0, 0
[2014-09-10 10:51:11] [debug] ( prunsrv.c:844 ) [ 1656] reportServiceStatusE: 4, 0, 0, 0
[2014-09-10 10:51:16] [debug] ( prunsrv.c:844 ) [ 1656] reportServiceStatusE: 4, 0, 0, 0
[2014-09-10 10:51:16] [debug] ( prunsrv.c:844 ) [ 1656] reportServiceStatusE: 4, 0, 0, 0
[2014-09-10 10:51:16] [debug] ( prunsrv.c:844 ) [ 1656] reportServiceStatusE: 4, 0, 0, 0
[2014-09-10 10:51:21] [debug] ( prunsrv.c:844 ) [ 1656] reportServiceStatusE: 4, 0, 0, 0
[2014-09-10 10:51:21] [debug] ( prunsrv.c:844 ) [ 1656] reportServiceStatusE: 4, 0, 0, 0
[2014-09-10 10:51:21] [debug] ( prunsrv.c:844 ) [ 1656] reportServiceStatusE: 4, 0, 0, 0
[2014-09-10 10:51:26] [debug] ( prunsrv.c:844 ) [ 1656] reportServiceStatusE: 4, 0, 0, 0
[2014-09-10 10:51:26] [debug] ( prunsrv.c:844 ) [ 1656] reportServiceStatusE: 4, 0, 0, 0
[2014-09-10 10:51:26] [debug] ( prunsrv.c:844 ) [ 1656] reportServiceStatusE: 4, 0, 0, 0
[2014-09-10 10:51:31] [debug] ( prunsrv.c:844 ) [ 1656] reportServiceStatusE: 4, 0, 0, 0
[2014-09-10 10:51:31] [debug] ( prunsrv.c:844 ) [ 1656] reportServiceStatusE: 4, 0, 0, 0
[2014-09-10 10:51:31] [debug] ( prunsrv.c:844 ) [ 1656] reportServiceStatusE: 4, 0, 0, 0
[2014-09-10 10:51:36] [debug] ( prunsrv.c:844 ) [ 1656] reportServiceStatusE: 4, 0, 0, 0
[2014-09-10 10:51:36] [debug] ( prunsrv.c:844 ) [ 1656] reportServiceStatusE: 4, 0, 0, 0
[2014-09-10 10:51:36] [debug] ( prunsrv.c:844 ) [ 1656] reportServiceStatusE: 4, 0, 0, 0
[2014-09-10 10:51:41] [debug] ( prunsrv.c:844 ) [ 1656] reportServiceStatusE: 4, 0, 0, 0
[2014-09-10 10:51:41] [debug] ( prunsrv.c:844 ) [ 1656] reportServiceStatusE: 4, 0, 0, 0
[2014-09-10 10:51:41] [debug] ( prunsrv.c:844 ) [ 1656] reportServiceStatusE: 4, 0, 0, 0
[2014-09-10 10:51:46] [debug] ( prunsrv.c:844 ) [ 1656] reportServiceStatusE: 4, 0, 0, 0
[2014-09-10 10:51:46] [debug] ( prunsrv.c:844 ) [ 1656] reportServiceStatusE: 4, 0, 0, 0
[2014-09-10 10:51:46] [debug] ( prunsrv.c:844 ) [ 1656] reportServiceStatusE: 4, 0, 0, 0
[2014-09-10 10:51:51] [debug] ( prunsrv.c:844 ) [ 1656] reportServiceStatusE: 4, 0, 0, 0
[2014-09-10 10:51:51] [debug] ( prunsrv.c:844 ) [ 1656] reportServiceStatusE: 4, 0, 0, 0
[2014-09-10 10:51:51] [debug] ( prunsrv.c:844 ) [ 1656] reportServiceStatusE: 4, 0, 0, 0
[2014-09-10 10:51:57] [debug] ( prunsrv.c:844 ) [ 1656] reportServiceStatusE: 4, 0, 0, 0
[2014-09-10 10:51:57] [debug] ( prunsrv.c:844 ) [ 1656] reportServiceStatusE: 4, 0, 0, 0
[2014-09-10 10:51:57] [debug] ( prunsrv.c:844 ) [ 1656] reportServiceStatusE: 4, 0, 0, 0
[2014-09-10 10:52:02] [debug] ( prunsrv.c:844 ) [ 1656] reportServiceStatusE: 4, 0, 0, 0
[2014-09-10 10:52:02] [debug] ( prunsrv.c:844 ) [ 1656] reportServiceStatusE: 4, 0, 0, 0
[2014-09-10 10:52:02] [debug] ( prunsrv.c:844 ) [ 1656] reportServiceStatusE: 4, 0, 0, 0
[2014-09-10 10:52:07] [debug] ( prunsrv.c:844 ) [ 1656] reportServiceStatusE: 4, 0, 0, 0
[2014-09-10 10:52:07] [debug] ( prunsrv.c:844 ) [ 1656] reportServiceStatusE: 4, 0, 0, 0
[2014-09-10 10:52:07] [debug] ( prunsrv.c:844 ) [ 1656] reportServiceStatusE: 4, 0, 0, 0
[2014-09-10 10:52:12] [debug] ( prunsrv.c:844 ) [ 1656] reportServiceStatusE: 4, 0, 0, 0
[2014-09-10 10:52:12] [debug] ( prunsrv.c:844 ) [ 1656] reportServiceStatusE: 4, 0, 0, 0
[2014-09-10 10:52:12] [debug] ( prunsrv.c:844 ) [ 1656] reportServiceStatusE: 4, 0, 0, 0
[2014-09-10 10:52:17] [debug] ( prunsrv.c:844 ) [ 1656] reportServiceStatusE: 4, 0, 0, 0
[2014-09-10 10:52:17] [debug] ( prunsrv.c:844 ) [ 1656] reportServiceStatusE: 4, 0, 0, 0
[2014-09-10 10:52:17] [debug] ( prunsrv.c:844 ) [ 1656] reportServiceStatusE: 4, 0, 0, 0
[2014-09-10 10:52:22] [debug] ( prunsrv.c:844 ) [ 1656] reportServiceStatusE: 4, 0, 0, 0
[2014-09-10 10:52:22] [debug] ( prunsrv.c:844 ) [ 1656] reportServiceStatusE: 4, 0, 0, 0
[2014-09-10 10:52:22] [debug] ( prunsrv.c:844 ) [ 1656] reportServiceStatusE: 4, 0, 0, 0
[2014-09-10 10:52:27] [debug] ( prunsrv.c:844 ) [ 1656] reportServiceStatusE: 4, 0, 0, 0
[2014-09-10 10:52:27] [debug] ( prunsrv.c:844 ) [ 1656] reportServiceStatusE: 4, 0, 0, 0
[2014-09-10 10:52:27] [debug] ( prunsrv.c:844 ) [ 1656] reportServiceStatusE: 4, 0, 0, 0
[2014-09-10 10:52:32] [debug] ( prunsrv.c:844 ) [ 1656] reportServiceStatusE: 4, 0, 0, 0
[2014-09-10 10:52:32] [debug] ( prunsrv.c:844 ) [ 1656] reportServiceStatusE: 4, 0, 0, 0
[2014-09-10 10:52:32] [debug] ( prunsrv.c:844 ) [ 1656] reportServiceStatusE: 4, 0, 0, 0
[2014-09-10 10:52:37] [debug] ( prunsrv.c:844 ) [ 1656] reportServiceStatusE: 4, 0, 0, 0
[2014-09-10 10:52:37] [debug] ( prunsrv.c:844 ) [ 1656] reportServiceStatusE: 4, 0, 0, 0
[2014-09-10 10:52:37] [debug] ( prunsrv.c:844 ) [ 1656] reportServiceStatusE: 4, 0, 0, 0
[2014-09-10 10:52:42] [debug] ( prunsrv.c:844 ) [ 1656] reportServiceStatusE: 4, 0, 0, 0
[2014-09-10 10:52:43] [debug] ( prunsrv.c:844 ) [ 1656] reportServiceStatusE: 4, 0, 0, 0
[2014-09-10 10:52:43] [debug] ( prunsrv.c:844 ) [ 1656] reportServiceStatusE: 4, 0, 0, 0
[2014-09-10 10:52:48] [debug] ( prunsrv.c:844 ) [ 1656] reportServiceStatusE: 4, 0, 0, 0
[2014-09-10 10:52:48] [debug] ( prunsrv.c:844 ) [ 1656] reportServiceStatusE: 4, 0, 0, 0
[2014-09-10 10:52:48] [debug] ( prunsrv.c:844 ) [ 1656] reportServiceStatusE: 4, 0, 0, 0
[2014-09-10 10:52:53] [debug] ( prunsrv.c:844 ) [ 1656] reportServiceStatusE: 4, 0, 0, 0
[2014-09-10 10:52:53] [debug] ( prunsrv.c:844 ) [ 1656] reportServiceStatusE: 4, 0, 0, 0
[2014-09-10 10:52:53] [debug] ( prunsrv.c:844 ) [ 1656] reportServiceStatusE: 4, 0, 0, 0
[2014-09-10 10:52:58] [debug] ( prunsrv.c:844 ) [ 1656] reportServiceStatusE: 4, 0, 0, 0
[2014-09-10 10:52:58] [debug] ( prunsrv.c:844 ) [ 1656] reportServiceStatusE: 4, 0, 0, 0
[2014-09-10 10:52:58] [debug] ( prunsrv.c:844 ) [ 1656] reportServiceStatusE: 4, 0, 0, 0
[2014-09-10 10:53:03] [debug] ( prunsrv.c:844 ) [ 1656] reportServiceStatusE: 4, 0, 0, 0
[2014-09-10 10:53:03] [debug] ( prunsrv.c:844 ) [ 1656] reportServiceStatusE: 4, 0, 0, 0
[2014-09-10 10:53:03] [debug] ( prunsrv.c:844 ) [ 1656] reportServiceStatusE: 4, 0, 0, 0
[2014-09-10 10:53:08] [debug] ( prunsrv.c:844 ) [ 1656] reportServiceStatusE: 4, 0, 0, 0
[2014-09-10 10:53:08] [debug] ( prunsrv.c:844 ) [ 1656] reportServiceStatusE: 4, 0, 0, 0
[2014-09-10 10:53:08] [debug] ( prunsrv.c:844 ) [ 1656] reportServiceStatusE: 4, 0, 0, 0
[2014-09-10 10:53:13] [debug] ( prunsrv.c:844 ) [ 1656] reportServiceStatusE: 4, 0, 0, 0
[2014-09-10 10:53:13] [debug] ( prunsrv.c:844 ) [ 1656] reportServiceStatusE: 4, 0, 0, 0
[2014-09-10 10:53:13] [debug] ( prunsrv.c:844 ) [ 1656] reportServiceStatusE: 4, 0, 0, 0
[2014-09-10 10:53:18] [debug] ( prunsrv.c:844 ) [ 1656] reportServiceStatusE: 4, 0, 0, 0
[2014-09-10 10:53:18] [debug] ( prunsrv.c:844 ) [ 1656] reportServiceStatusE: 4, 0, 0, 0
[2014-09-10 10:53:18] [debug] ( prunsrv.c:844 ) [ 1656] reportServiceStatusE: 4, 0, 0, 0
[2014-09-10 10:53:23] [debug] ( prunsrv.c:844 ) [ 1656] reportServiceStatusE: 4, 0, 0, 0
[2014-09-10 10:53:23] [debug] ( prunsrv.c:844 ) [ 1656] reportServiceStatusE: 4, 0, 0, 0
[2014-09-10 10:53:23] [debug] ( prunsrv.c:844 ) [ 1656] reportServiceStatusE: 4, 0, 0, 0
[2014-09-10 10:53:28] [debug] ( prunsrv.c:844 ) [ 1656] reportServiceStatusE: 4, 0, 0, 0
[2014-09-10 10:53:28] [debug] ( prunsrv.c:844 ) [ 1656] reportServiceStatusE: 4, 0, 0, 0
[2014-09-10 10:53:28] [debug] ( prunsrv.c:844 ) [ 1656] reportServiceStatusE: 4, 0, 0, 0
[2014-09-10 10:53:33] [debug] ( prunsrv.c:844 ) [ 1656] reportServiceStatusE: 4, 0, 0, 0
[2014-09-10 10:53:34] [debug] ( prunsrv.c:844 ) [ 1656] reportServiceStatusE: 4, 0, 0, 0
[2014-09-10 10:53:34] [debug] ( prunsrv.c:844 ) [ 1656] reportServiceStatusE: 4, 0, 0, 0
[2014-09-10 10:53:39] [debug] ( prunsrv.c:844 ) [ 1656] reportServiceStatusE: 4, 0, 0, 0
[2014-09-10 10:53:39] [debug] ( prunsrv.c:844 ) [ 1656] reportServiceStatusE: 4, 0, 0, 0
[2014-09-10 10:53:39] [debug] ( prunsrv.c:844 ) [ 1656] reportServiceStatusE: 4, 0, 0, 0
[2014-09-10 10:53:44] [debug] ( prunsrv.c:844 ) [ 1656] reportServiceStatusE: 4, 0, 0, 0
[2014-09-10 10:53:44] [debug] ( prunsrv.c:844 ) [ 1656] reportServiceStatusE: 4, 0, 0, 0
[2014-09-10 10:53:44] [debug] ( prunsrv.c:844 ) [ 1656] reportServiceStatusE: 4, 0, 0, 0
[2014-09-10 10:53:49] [debug] ( prunsrv.c:844 ) [ 1656] reportServiceStatusE: 4, 0, 0, 0
[2014-09-10 10:53:49] [debug] ( prunsrv.c:844 ) [ 1656] reportServiceStatusE: 4, 0, 0, 0
[2014-09-10 10:53:49] [debug] ( prunsrv.c:844 ) [ 1656] reportServiceStatusE: 4, 0, 0, 0
[2014-09-10 10:53:54] [debug] ( prunsrv.c:844 ) [ 1656] reportServiceStatusE: 4, 0, 0, 0
[2014-09-10 10:53:54] [debug] ( prunsrv.c:844 ) [ 1656] reportServiceStatusE: 4, 0, 0, 0
[2014-09-10 10:53:54] [debug] ( prunsrv.c:844 ) [ 1656] reportServiceStatusE: 4, 0, 0, 0
[2014-09-10 10:53:59] [debug] ( prunsrv.c:844 ) [ 1656] reportServiceStatusE: 4, 0, 0, 0
[2014-09-10 10:53:59] [debug] ( prunsrv.c:844 ) [ 1656] reportServiceStatusE: 4, 0, 0, 0
[2014-09-10 10:53:59] [debug] ( prunsrv.c:844 ) [ 1656] reportServiceStatusE: 4, 0, 0, 0
[2014-09-10 10:54:04] [debug] ( prunsrv.c:844 ) [ 1656] reportServiceStatusE: 4, 0, 0, 0
[2014-09-10 10:54:04] [debug] ( prunsrv.c:844 ) [ 1656] reportServiceStatusE: 4, 0, 0, 0
[2014-09-10 10:54:04] [debug] ( prunsrv.c:844 ) [ 1656] reportServiceStatusE: 4, 0, 0, 0
[2014-09-10 10:54:09] [debug] ( prunsrv.c:844 ) [ 1656] reportServiceStatusE: 4, 0, 0, 0
[2014-09-10 10:54:09] [debug] ( prunsrv.c:844 ) [ 1656] reportServiceStatusE: 4, 0, 0, 0
[2014-09-10 10:54:09] [debug] ( prunsrv.c:844 ) [ 1656] reportServiceStatusE: 4, 0, 0, 0
[2014-09-10 10:54:14] [debug] ( prunsrv.c:844 ) [ 1656] reportServiceStatusE: 4, 0, 0, 0
[2014-09-10 10:54:14] [debug] ( prunsrv.c:844 ) [ 1656] reportServiceStatusE: 4, 0, 0, 0
[2014-09-10 10:54:14] [debug] ( prunsrv.c:844 ) [ 1656] reportServiceStatusE: 4, 0, 0, 0
[2014-09-10 10:54:20] [debug] ( prunsrv.c:844 ) [ 1656] reportServiceStatusE: 4, 0, 0, 0
[2014-09-10 10:54:20] [debug] ( prunsrv.c:844 ) [ 1656] reportServiceStatusE: 4, 0, 0, 0
[2014-09-10 10:54:20] [debug] ( prunsrv.c:844 ) [ 1656] reportServiceStatusE: 4, 0, 0, 0
[2014-09-10 10:54:25] [debug] ( prunsrv.c:844 ) [ 1656] reportServiceStatusE: 4, 0, 0, 0
[2014-09-10 10:54:25] [debug] ( prunsrv.c:844 ) [ 1656] reportServiceStatusE: 4, 0, 0, 0
[2014-09-10 10:54:25] [debug] ( prunsrv.c:844 ) [ 1656] reportServiceStatusE: 4, 0, 0, 0
[2014-09-10 10:54:30] [debug] ( prunsrv.c:844 ) [ 1656] reportServiceStatusE: 4, 0, 0, 0
[2014-09-10 10:54:30] [debug] ( prunsrv.c:844 ) [ 1656] reportServiceStatusE: 4, 0, 0, 0
[2014-09-10 10:54:30] [debug] ( prunsrv.c:844 ) [ 1656] reportServiceStatusE: 4, 0, 0, 0
[2014-09-10 10:54:35] [debug] ( prunsrv.c:844 ) [ 1656] reportServiceStatusE: 4, 0, 0, 0
[2014-09-10 10:54:35] [debug] ( prunsrv.c:844 ) [ 1656] reportServiceStatusE: 4, 0, 0, 0
[2014-09-10 10:54:35] [debug] ( prunsrv.c:844 ) [ 1656] reportServiceStatusE: 4, 0, 0, 0
[2014-09-10 10:54:40] [debug] ( prunsrv.c:844 ) [ 1656] reportServiceStatusE: 4, 0, 0, 0
[2014-09-10 10:54:40] [debug] ( prunsrv.c:844 ) [ 1656] reportServiceStatusE: 4, 0, 0, 0
[2014-09-10 10:54:40] [debug] ( prunsrv.c:844 ) [ 1656] reportServiceStatusE: 4, 0, 0, 0
[2014-09-10 10:54:45] [debug] ( prunsrv.c:844 ) [ 1656] reportServiceStatusE: 4, 0, 0, 0
[2014-09-10 10:54:45] [debug] ( prunsrv.c:844 ) [ 1656] reportServiceStatusE: 4, 0, 0, 0
[2014-09-10 10:54:45] [debug] ( prunsrv.c:844 ) [ 1656] reportServiceStatusE: 4, 0, 0, 0
[2014-09-10 10:54:50] [debug] ( prunsrv.c:844 ) [ 1656] reportServiceStatusE: 4, 0, 0, 0
[2014-09-10 10:54:50] [debug] ( prunsrv.c:844 ) [ 1656] reportServiceStatusE: 4, 0, 0, 0
[2014-09-10 10:54:50] [debug] ( prunsrv.c:844 ) [ 1656] reportServiceStatusE: 4, 0, 0, 0
[2014-09-10 10:54:55] [debug] ( prunsrv.c:844 ) [ 1656] reportServiceStatusE: 4, 0, 0, 0
[2014-09-10 10:54:55] [debug] ( prunsrv.c:844 ) [ 1656] reportServiceStatusE: 4, 0, 0, 0
[2014-09-10 10:54:55] [debug] ( prunsrv.c:844 ) [ 1656] reportServiceStatusE: 4, 0, 0, 0
[2014-09-10 10:55:00] [debug] ( prunsrv.c:844 ) [ 1656] reportServiceStatusE: 4, 0, 0, 0
[2014-09-10 10:55:00] [debug] ( prunsrv.c:844 ) [ 1656] reportServiceStatusE: 4, 0, 0, 0
[2014-09-10 10:55:00] [debug] ( prunsrv.c:844 ) [ 1656] reportServiceStatusE: 4, 0, 0, 0
[2014-09-10 10:55:05] [debug] ( prunsrv.c:844 ) [ 1656] reportServiceStatusE: 4, 0, 0, 0
[2014-09-10 10:55:05] [debug] ( prunsrv.c:844 ) [ 1656] reportServiceStatusE: 4, 0, 0, 0
[2014-09-10 10:55:05] [debug] ( prunsrv.c:844 ) [ 1656] reportServiceStatusE: 4, 0, 0, 0
[2014-09-10 10:55:11] [debug] ( prunsrv.c:844 ) [ 1656] reportServiceStatusE: 4, 0, 0, 0
[2014-09-10 10:55:11] [debug] ( prunsrv.c:844 ) [ 1656] reportServiceStatusE: 4, 0, 0, 0
[2014-09-10 10:55:11] [debug] ( prunsrv.c:844 ) [ 1656] reportServiceStatusE: 4, 0, 0, 0
[2014-09-10 10:55:16] [debug] ( prunsrv.c:844 ) [ 1656] reportServiceStatusE: 4, 0, 0, 0
[2014-09-10 10:55:16] [debug] ( prunsrv.c:844 ) [ 1656] reportServiceStatusE: 4, 0, 0, 0
[2014-09-10 10:55:16] [debug] ( prunsrv.c:844 ) [ 1656] reportServiceStatusE: 4, 0, 0, 0
[2014-09-10 10:55:21] [debug] ( prunsrv.c:844 ) [ 1656] reportServiceStatusE: 4, 0, 0, 0
[2014-09-10 10:55:21] [debug] ( prunsrv.c:844 ) [ 1656] reportServiceStatusE: 4, 0, 0, 0
[2014-09-10 10:55:21] [debug] ( prunsrv.c:844 ) [ 1656] reportServiceStatusE: 4, 0, 0, 0
[2014-09-10 10:55:26] [debug] ( prunsrv.c:844 ) [ 1656] reportServiceStatusE: 4, 0, 0, 0
[2014-09-10 10:55:26] [debug] ( prunsrv.c:844 ) [ 1656] reportServiceStatusE: 4, 0, 0, 0
[2014-09-10 10:55:26] [debug] ( prunsrv.c:844 ) [ 1656] reportServiceStatusE: 4, 0, 0, 0
[2014-09-10 10:55:31] [debug] ( prunsrv.c:844 ) [ 1656] reportServiceStatusE: 4, 0, 0, 0
[2014-09-10 10:55:31] [debug] ( prunsrv.c:844 ) [ 1656] reportServiceStatusE: 4, 0, 0, 0
[2014-09-10 10:55:31] [debug] ( prunsrv.c:844 ) [ 1656] reportServiceStatusE: 4, 0, 0, 0
[2014-09-10 10:55:36] [debug] ( prunsrv.c:844 ) [ 1656] reportServiceStatusE: 4, 0, 0, 0
[2014-09-10 10:55:36] [debug] ( prunsrv.c:844 ) [ 1656] reportServiceStatusE: 4, 0, 0, 0
[2014-09-10 10:55:36] [debug] ( prunsrv.c:844 ) [ 1656] reportServiceStatusE: 4, 0, 0, 0
[2014-09-10 10:55:41] [debug] ( prunsrv.c:844 ) [ 1656] reportServiceStatusE: 4, 0, 0, 0
[2014-09-10 10:55:41] [debug] ( prunsrv.c:844 ) [ 1656] reportServiceStatusE: 4, 0, 0, 0
[2014-09-10 10:55:41] [debug] ( prunsrv.c:844 ) [ 1656] reportServiceStatusE: 4, 0, 0, 0
[2014-09-10 10:55:46] [debug] ( prunsrv.c:844 ) [ 1656] reportServiceStatusE: 4, 0, 0, 0
[2014-09-10 10:55:46] [debug] ( prunsrv.c:844 ) [ 1656] reportServiceStatusE: 4, 0, 0, 0
[2014-09-10 10:55:46] [debug] ( prunsrv.c:844 ) [ 1656] reportServiceStatusE: 4, 0, 0, 0
[2014-09-10 10:55:51] [debug] ( prunsrv.c:844 ) [ 1656] reportServiceStatusE: 4, 0, 0, 0
[2014-09-10 10:55:51] [debug] ( prunsrv.c:844 ) [ 1656] reportServiceStatusE: 4, 0, 0, 0
[2014-09-10 10:55:51] [debug] ( prunsrv.c:844 ) [ 1656] reportServiceStatusE: 4, 0, 0, 0
[2014-09-10 10:55:56] [debug] ( prunsrv.c:844 ) [ 1656] reportServiceStatusE: 4, 0, 0, 0
[2014-09-10 10:55:56] [debug] ( prunsrv.c:844 ) [ 1656] reportServiceStatusE: 4, 0, 0, 0
[2014-09-10 10:55:56] [debug] ( prunsrv.c:844 ) [ 1656] reportServiceStatusE: 4, 0, 0, 0
[2014-09-10 10:56:01] [debug] ( prunsrv.c:844 ) [ 1656] reportServiceStatusE: 4, 0, 0, 0
[2014-09-10 10:56:01] [debug] ( prunsrv.c:844 ) [ 1656] reportServiceStatusE: 4, 0, 0, 0
[2014-09-10 10:56:02] [debug] ( prunsrv.c:844 ) [ 1656] reportServiceStatusE: 4, 0, 0, 0
[2014-09-10 10:56:07] [debug] ( prunsrv.c:844 ) [ 1656] reportServiceStatusE: 4, 0, 0, 0
[2014-09-10 10:56:07] [debug] ( prunsrv.c:844 ) [ 1656] reportServiceStatusE: 4, 0, 0, 0
[2014-09-10 10:56:07] [debug] ( prunsrv.c:844 ) [ 1656] reportServiceStatusE: 4, 0, 0, 0
[2014-09-10 10:56:12] [debug] ( prunsrv.c:844 ) [ 1656] reportServiceStatusE: 4, 0, 0, 0
[2014-09-10 10:56:12] [debug] ( prunsrv.c:844 ) [ 1656] reportServiceStatusE: 4, 0, 0, 0
[2014-09-10 10:56:12] [debug] ( prunsrv.c:844 ) [ 1656] reportServiceStatusE: 4, 0, 0, 0
[2014-09-10 10:56:17] [debug] ( prunsrv.c:844 ) [ 1656] reportServiceStatusE: 4, 0, 0, 0
[2014-09-10 10:56:17] [debug] ( prunsrv.c:844 ) [ 1656] reportServiceStatusE: 4, 0, 0, 0
[2014-09-10 10:56:17] [debug] ( prunsrv.c:844 ) [ 1656] reportServiceStatusE: 4, 0, 0, 0
[2014-09-10 10:56:22] [debug] ( prunsrv.c:844 ) [ 1656] reportServiceStatusE: 4, 0, 0, 0
[2014-09-10 10:56:22] [debug] ( prunsrv.c:844 ) [ 1656] reportServiceStatusE: 4, 0, 0, 0
[2014-09-10 10:56:22] [debug] ( prunsrv.c:844 ) [ 1656] reportServiceStatusE: 4, 0, 0, 0
[2014-09-10 10:56:27] [debug] ( prunsrv.c:844 ) [ 1656] reportServiceStatusE: 4, 0, 0, 0
[2014-09-10 10:56:27] [debug] ( prunsrv.c:844 ) [ 1656] reportServiceStatusE: 4, 0, 0, 0
[2014-09-10 10:56:27] [debug] ( prunsrv.c:844 ) [ 1656] reportServiceStatusE: 4, 0, 0, 0
[2014-09-10 10:56:32] [debug] ( prunsrv.c:844 ) [ 1656] reportServiceStatusE: 4, 0, 0, 0
[2014-09-10 10:56:32] [debug] ( prunsrv.c:844 ) [ 1656] reportServiceStatusE: 4, 0, 0, 0
[2014-09-10 10:56:32] [debug] ( prunsrv.c:844 ) [ 1656] reportServiceStatusE: 4, 0, 0, 0
[2014-09-10 10:56:37] [debug] ( prunsrv.c:844 ) [ 1656] reportServiceStatusE: 4, 0, 0, 0
[2014-09-10 10:56:37] [debug] ( prunsrv.c:844 ) [ 1656] reportServiceStatusE: 4, 0, 0, 0
[2014-09-10 10:56:37] [debug] ( prunsrv.c:844 ) [ 1656] reportServiceStatusE: 4, 0, 0, 0
[2014-09-10 10:56:42] [debug] ( prunsrv.c:844 ) [ 1656] reportServiceStatusE: 4, 0, 0, 0
[2014-09-10 10:56:42] [debug] ( prunsrv.c:844 ) [ 1656] reportServiceStatusE: 4, 0, 0, 0
[2014-09-10 10:56:42] [debug] ( prunsrv.c:844 ) [ 1656] reportServiceStatusE: 4, 0, 0, 0
[2014-09-10 10:56:48] [debug] ( prunsrv.c:844 ) [ 1656] reportServiceStatusE: 4, 0, 0, 0
[2014-09-10 10:56:48] [debug] ( prunsrv.c:844 ) [ 1656] reportServiceStatusE: 4, 0, 0, 0
[2014-09-10 10:56:48] [debug] ( prunsrv.c:844 ) [ 1656] reportServiceStatusE: 4, 0, 0, 0
[2014-09-10 10:56:53] [debug] ( prunsrv.c:844 ) [ 1656] reportServiceStatusE: 4, 0, 0, 0
[2014-09-10 10:56:53] [debug] ( prunsrv.c:844 ) [ 1656] reportServiceStatusE: 4, 0, 0, 0
[2014-09-10 10:56:53] [debug] ( prunsrv.c:844 ) [ 1656] reportServiceStatusE: 4, 0, 0, 0
[2014-09-10 10:56:58] [debug] ( prunsrv.c:844 ) [ 1656] reportServiceStatusE: 4, 0, 0, 0
[2014-09-10 10:56:58] [debug] ( prunsrv.c:844 ) [ 1656] reportServiceStatusE: 4, 0, 0, 0
[2014-09-10 10:56:58] [debug] ( prunsrv.c:844 ) [ 1656] reportServiceStatusE: 4, 0, 0, 0
[2014-09-10 10:57:03] [debug] ( prunsrv.c:844 ) [ 1656] reportServiceStatusE: 4, 0, 0, 0
[2014-09-10 10:57:03] [debug] ( prunsrv.c:844 ) [ 1656] reportServiceStatusE: 4, 0, 0, 0
[2014-09-10 10:57:03] [debug] ( prunsrv.c:844 ) [ 1656] reportServiceStatusE: 4, 0, 0, 0
[2014-09-10 10:57:08] [debug] ( prunsrv.c:844 ) [ 1656] reportServiceStatusE: 4, 0, 0, 0
[2014-09-10 10:57:08] [debug] ( prunsrv.c:844 ) [ 1656] reportServiceStatusE: 4, 0, 0, 0
[2014-09-10 10:57:08] [debug] ( prunsrv.c:844 ) [ 1656] reportServiceStatusE: 4, 0, 0, 0
[2014-09-10 10:57:13] [debug] ( prunsrv.c:844 ) [ 1656] reportServiceStatusE: 4, 0, 0, 0
[2014-09-10 10:57:13] [debug] ( prunsrv.c:844 ) [ 1656] reportServiceStatusE: 4, 0, 0, 0
[2014-09-10 10:57:13] [debug] ( prunsrv.c:844 ) [ 1656] reportServiceStatusE: 4, 0, 0, 0
[2014-09-10 10:57:18] [debug] ( prunsrv.c:844 ) [ 1656] reportServiceStatusE: 4, 0, 0, 0
[2014-09-10 10:57:18] [debug] ( prunsrv.c:844 ) [ 1656] reportServiceStatusE: 4, 0, 0, 0
[2014-09-10 10:57:18] [debug] ( prunsrv.c:844 ) [ 1656] reportServiceStatusE: 4, 0, 0, 0
[2014-09-10 10:57:23] [debug] ( prunsrv.c:844 ) [ 1656] reportServiceStatusE: 4, 0, 0, 0
[2014-09-10 10:57:23] [debug] ( prunsrv.c:844 ) [ 1656] reportServiceStatusE: 4, 0, 0, 0
[2014-09-10 10:57:23] [debug] ( prunsrv.c:844 ) [ 1656] reportServiceStatusE: 4, 0, 0, 0
[2014-09-10 10:57:28] [debug] ( prunsrv.c:844 ) [ 1656] reportServiceStatusE: 4, 0, 0, 0
[2014-09-10 10:57:28] [debug] ( prunsrv.c:844 ) [ 1656] reportServiceStatusE: 4, 0, 0, 0
[2014-09-10 10:57:28] [debug] ( prunsrv.c:844 ) [ 1656] reportServiceStatusE: 4, 0, 0, 0
[2014-09-10 10:57:33] [debug] ( prunsrv.c:844 ) [ 1656] reportServiceStatusE: 4, 0, 0, 0
[2014-09-10 10:57:33] [debug] ( prunsrv.c:844 ) [ 1656] reportServiceStatusE: 4, 0, 0, 0
[2014-09-10 10:57:33] [debug] ( prunsrv.c:844 ) [ 1656] reportServiceStatusE: 4, 0, 0, 0
[2014-09-10 10:57:39] [debug] ( prunsrv.c:844 ) [ 1656] reportServiceStatusE: 4, 0, 0, 0
[2014-09-10 10:57:39] [debug] ( prunsrv.c:844 ) [ 1656] reportServiceStatusE: 4, 0, 0, 0
[2014-09-10 10:57:39] [debug] ( prunsrv.c:844 ) [ 1656] reportServiceStatusE: 4, 0, 0, 0
[2014-09-10 10:57:44] [debug] ( prunsrv.c:844 ) [ 1656] reportServiceStatusE: 4, 0, 0, 0
[2014-09-10 10:57:44] [debug] ( prunsrv.c:844 ) [ 1656] reportServiceStatusE: 4, 0, 0, 0
[2014-09-10 10:57:44] [debug] ( prunsrv.c:844 ) [ 1656] reportServiceStatusE: 4, 0, 0, 0
[2014-09-10 10:57:49] [debug] ( prunsrv.c:844 ) [ 1656] reportServiceStatusE: 4, 0, 0, 0
[2014-09-10 10:57:49] [debug] ( prunsrv.c:844 ) [ 1656] reportServiceStatusE: 4, 0, 0, 0
[2014-09-10 10:57:49] [debug] ( prunsrv.c:844 ) [ 1656] reportServiceStatusE: 4, 0, 0, 0
[2014-09-10 10:57:54] [debug] ( prunsrv.c:844 ) [ 1656] reportServiceStatusE: 4, 0, 0, 0
[2014-09-10 10:57:54] [debug] ( prunsrv.c:844 ) [ 1656] reportServiceStatusE: 4, 0, 0, 0
[2014-09-10 10:57:54] [debug] ( prunsrv.c:844 ) [ 1656] reportServiceStatusE: 4, 0, 0, 0
[2014-09-10 10:57:59] [debug] ( prunsrv.c:844 ) [ 1656] reportServiceStatusE: 4, 0, 0, 0
[2014-09-10 10:57:59] [debug] ( prunsrv.c:844 ) [ 1656] reportServiceStatusE: 4, 0, 0, 0
[2014-09-10 10:57:59] [debug] ( prunsrv.c:844 ) [ 1656] reportServiceStatusE: 4, 0, 0, 0
[2014-09-10 10:58:04] [debug] ( prunsrv.c:844 ) [ 1656] reportServiceStatusE: 4, 0, 0, 0
[2014-09-10 10:58:04] [debug] ( prunsrv.c:844 ) [ 1656] reportServiceStatusE: 4, 0, 0, 0
[2014-09-10 10:58:04] [debug] ( prunsrv.c:844 ) [ 1656] reportServiceStatusE: 4, 0, 0, 0
[2014-09-10 10:58:09] [debug] ( prunsrv.c:844 ) [ 1656] reportServiceStatusE: 4, 0, 0, 0
[2014-09-10 10:58:09] [debug] ( prunsrv.c:844 ) [ 1656] reportServiceStatusE: 4, 0, 0, 0
[2014-09-10 10:58:09] [debug] ( prunsrv.c:844 ) [ 1656] reportServiceStatusE: 4, 0, 0, 0
[2014-09-10 10:58:14] [debug] ( prunsrv.c:844 ) [ 1656] reportServiceStatusE: 4, 0, 0, 0
[2014-09-10 10:58:14] [debug] ( prunsrv.c:844 ) [ 1656] reportServiceStatusE: 4, 0, 0, 0
[2014-09-10 10:58:14] [debug] ( prunsrv.c:844 ) [ 1656] reportServiceStatusE: 4, 0, 0, 0
[2014-09-10 10:58:19] [debug] ( prunsrv.c:844 ) [ 1656] reportServiceStatusE: 4, 0, 0, 0
[2014-09-10 10:58:19] [debug] ( prunsrv.c:844 ) [ 1656] reportServiceStatusE: 4, 0, 0, 0
[2014-09-10 10:58:19] [debug] ( prunsrv.c:844 ) [ 1656] reportServiceStatusE: 4, 0, 0, 0
[2014-09-10 10:58:25] [debug] ( prunsrv.c:844 ) [ 1656] reportServiceStatusE: 4, 0, 0, 0
[2014-09-10 10:58:25] [debug] ( prunsrv.c:844 ) [ 1656] reportServiceStatusE: 4, 0, 0, 0
[2014-09-10 10:58:25] [debug] ( prunsrv.c:844 ) [ 1656] reportServiceStatusE: 4, 0, 0, 0
[2014-09-10 10:58:30] [debug] ( prunsrv.c:844 ) [ 1656] reportServiceStatusE: 4, 0, 0, 0
[2014-09-10 10:58:30] [debug] ( prunsrv.c:844 ) [ 1656] reportServiceStatusE: 4, 0, 0, 0
[2014-09-10 10:58:30] [debug] ( prunsrv.c:844 ) [ 1656] reportServiceStatusE: 4, 0, 0, 0
[2014-09-10 10:58:35] [debug] ( prunsrv.c:844 ) [ 1656] reportServiceStatusE: 4, 0, 0, 0
[2014-09-10 10:58:35] [debug] ( prunsrv.c:844 ) [ 1656] reportServiceStatusE: 4, 0, 0, 0
[2014-09-10 10:58:35] [debug] ( prunsrv.c:844 ) [ 1656] reportServiceStatusE: 4, 0, 0, 0
[2014-09-10 10:58:40] [debug] ( prunsrv.c:844 ) [ 1656] reportServiceStatusE: 4, 0, 0, 0
[2014-09-10 10:58:40] [debug] ( prunsrv.c:844 ) [ 1656] reportServiceStatusE: 4, 0, 0, 0
[2014-09-10 10:58:40] [debug] ( prunsrv.c:844 ) [ 1656] reportServiceStatusE: 4, 0, 0, 0
[2014-09-10 10:58:45] [debug] ( prunsrv.c:844 ) [ 1656] reportServiceStatusE: 4, 0, 0, 0
[2014-09-10 10:58:45] [debug] ( prunsrv.c:844 ) [ 1656] reportServiceStatusE: 4, 0, 0, 0
[2014-09-10 10:58:45] [debug] ( prunsrv.c:844 ) [ 1656] reportServiceStatusE: 4, 0, 0, 0
[2014-09-10 10:58:50] [debug] ( prunsrv.c:844 ) [ 1656] reportServiceStatusE: 4, 0, 0, 0
[2014-09-10 10:58:50] [debug] ( prunsrv.c:844 ) [ 1656] reportServiceStatusE: 4, 0, 0, 0
[2014-09-10 10:58:50] [debug] ( prunsrv.c:844 ) [ 1656] reportServiceStatusE: 4, 0, 0, 0
[2014-09-10 10:58:55] [debug] ( prunsrv.c:844 ) [ 1656] reportServiceStatusE: 4, 0, 0, 0
[2014-09-10 10:58:55] [debug] ( prunsrv.c:844 ) [ 1656] reportServiceStatusE: 4, 0, 0, 0
[2014-09-10 10:58:55] [debug] ( prunsrv.c:844 ) [ 1656] reportServiceStatusE: 4, 0, 0, 0
[2014-09-10 10:59:00] [debug] ( prunsrv.c:844 ) [ 1656] reportServiceStatusE: 4, 0, 0, 0
[2014-09-10 10:59:00] [debug] ( prunsrv.c:844 ) [ 1656] reportServiceStatusE: 4, 0, 0, 0
[2014-09-10 10:59:00] [debug] ( prunsrv.c:844 ) [ 1656] reportServiceStatusE: 4, 0, 0, 0
[2014-09-10 10:59:05] [debug] ( prunsrv.c:844 ) [ 1656] reportServiceStatusE: 4, 0, 0, 0
[2014-09-10 10:59:05] [debug] ( prunsrv.c:844 ) [ 1656] reportServiceStatusE: 4, 0, 0, 0
[2014-09-10 10:59:05] [debug] ( prunsrv.c:844 ) [ 1656] reportServiceStatusE: 4, 0, 0, 0
[2014-09-10 10:59:11] [debug] ( prunsrv.c:844 ) [ 1656] reportServiceStatusE: 4, 0, 0, 0
[2014-09-10 10:59:11] [debug] ( prunsrv.c:844 ) [ 1656] reportServiceStatusE: 4, 0, 0, 0
[2014-09-10 10:59:11] [debug] ( prunsrv.c:844 ) [ 1656] reportServiceStatusE: 4, 0, 0, 0
[2014-09-10 10:59:16] [debug] ( prunsrv.c:844 ) [ 1656] reportServiceStatusE: 4, 0, 0, 0
[2014-09-10 10:59:16] [debug] ( prunsrv.c:844 ) [ 1656] reportServiceStatusE: 4, 0, 0, 0
[2014-09-10 10:59:16] [debug] ( prunsrv.c:844 ) [ 1656] reportServiceStatusE: 4, 0, 0, 0
[2014-09-10 10:59:21] [debug] ( prunsrv.c:844 ) [ 1656] reportServiceStatusE: 4, 0, 0, 0
[2014-09-10 10:59:21] [debug] ( prunsrv.c:844 ) [ 1656] reportServiceStatusE: 4, 0, 0, 0
[2014-09-10 10:59:21] [debug] ( prunsrv.c:844 ) [ 1656] reportServiceStatusE: 4, 0, 0, 0
[2014-09-10 10:59:26] [debug] ( prunsrv.c:844 ) [ 1656] reportServiceStatusE: 4, 0, 0, 0
[2014-09-10 10:59:26] [debug] ( prunsrv.c:844 ) [ 1656] reportServiceStatusE: 4, 0, 0, 0
[2014-09-10 10:59:26] [debug] ( prunsrv.c:844 ) [ 1656] reportServiceStatusE: 4, 0, 0, 0
[2014-09-10 10:59:31] [debug] ( prunsrv.c:844 ) [ 1656] reportServiceStatusE: 4, 0, 0, 0
[2014-09-10 10:59:31] [debug] ( prunsrv.c:844 ) [ 1656] reportServiceStatusE: 4, 0, 0, 0
[2014-09-10 10:59:31] [debug] ( prunsrv.c:844 ) [ 1656] reportServiceStatusE: 4, 0, 0, 0
[2014-09-10 10:59:36] [debug] ( prunsrv.c:844 ) [ 1656] reportServiceStatusE: 4, 0, 0, 0
[2014-09-10 10:59:36] [debug] ( prunsrv.c:844 ) [ 1656] reportServiceStatusE: 4, 0, 0, 0
[2014-09-10 10:59:36] [debug] ( prunsrv.c:844 ) [ 1656] reportServiceStatusE: 4, 0, 0, 0
[2014-09-10 10:59:41] [debug] ( prunsrv.c:844 ) [ 1656] reportServiceStatusE: 4, 0, 0, 0
[2014-09-10 10:59:41] [debug] ( prunsrv.c:844 ) [ 1656] reportServiceStatusE: 4, 0, 0, 0
[2014-09-10 10:59:41] [debug] ( prunsrv.c:844 ) [ 1656] reportServiceStatusE: 4, 0, 0, 0
[2014-09-10 10:59:46] [debug] ( prunsrv.c:844 ) [ 1656] reportServiceStatusE: 4, 0, 0, 0
[2014-09-10 10:59:46] [debug] ( prunsrv.c:844 ) [ 1656] reportServiceStatusE: 4, 0, 0, 0
[2014-09-10 10:59:46] [debug] ( prunsrv.c:844 ) [ 1656] reportServiceStatusE: 4, 0, 0, 0
[2014-09-10 10:59:51] [debug] ( prunsrv.c:844 ) [ 1656] reportServiceStatusE: 4, 0, 0, 0
[2014-09-10 10:59:51] [debug] ( prunsrv.c:844 ) [ 1656] reportServiceStatusE: 4, 0, 0, 0
[2014-09-10 10:59:51] [debug] ( prunsrv.c:844 ) [ 1656] reportServiceStatusE: 4, 0, 0, 0
[2014-09-10 10:59:57] [debug] ( prunsrv.c:844 ) [ 1656] reportServiceStatusE: 4, 0, 0, 0
[2014-09-10 10:59:57] [debug] ( prunsrv.c:844 ) [ 1656] reportServiceStatusE: 4, 0, 0, 0
[2014-09-10 10:59:57] [debug] ( prunsrv.c:844 ) [ 1656] reportServiceStatusE: 4, 0, 0, 0
[2014-09-10 11:00:02] [debug] ( prunsrv.c:844 ) [ 1656] reportServiceStatusE: 4, 0, 0, 0
[2014-09-10 11:00:02] [debug] ( prunsrv.c:844 ) [ 1656] reportServiceStatusE: 4, 0, 0, 0
[2014-09-10 11:00:02] [debug] ( prunsrv.c:844 ) [ 1656] reportServiceStatusE: 4, 0, 0, 0
[2014-09-10 11:00:07] [debug] ( prunsrv.c:844 ) [ 1656] reportServiceStatusE: 4, 0, 0, 0
[2014-09-10 11:00:07] [debug] ( prunsrv.c:844 ) [ 1656] reportServiceStatusE: 4, 0, 0, 0
[2014-09-10 11:00:07] [debug] ( prunsrv.c:844 ) [ 1656] reportServiceStatusE: 4, 0, 0, 0
[2014-09-10 11:00:12] [debug] ( prunsrv.c:844 ) [ 1656] reportServiceStatusE: 4, 0, 0, 0
[2014-09-10 11:00:12] [debug] ( prunsrv.c:844 ) [ 1656] reportServiceStatusE: 4, 0, 0, 0
[2014-09-10 11:00:12] [debug] ( prunsrv.c:844 ) [ 1656] reportServiceStatusE: 4, 0, 0, 0
[2014-09-10 11:00:17] [debug] ( prunsrv.c:844 ) [ 1656] reportServiceStatusE: 4, 0, 0, 0
[2014-09-10 11:00:17] [debug] ( prunsrv.c:844 ) [ 1656] reportServiceStatusE: 4, 0, 0, 0
[2014-09-10 11:00:17] [debug] ( prunsrv.c:844 ) [ 1656] reportServiceStatusE: 4, 0, 0, 0
[2014-09-10 11:00:22] [debug] ( prunsrv.c:844 ) [ 1656] reportServiceStatusE: 4, 0, 0, 0
[2014-09-10 11:00:22] [debug] ( prunsrv.c:844 ) [ 1656] reportServiceStatusE: 4, 0, 0, 0
[2014-09-10 11:00:22] [debug] ( prunsrv.c:844 ) [ 1656] reportServiceStatusE: 4, 0, 0, 0
[2014-09-10 11:00:27] [debug] ( prunsrv.c:844 ) [ 1656] reportServiceStatusE: 4, 0, 0, 0
[2014-09-10 11:00:27] [debug] ( prunsrv.c:844 ) [ 1656] reportServiceStatusE: 4, 0, 0, 0
[2014-09-10 11:00:27] [debug] ( prunsrv.c:844 ) [ 1656] reportServiceStatusE: 4, 0, 0, 0
[2014-09-10 11:00:32] [debug] ( prunsrv.c:844 ) [ 1656] reportServiceStatusE: 4, 0, 0, 0
[2014-09-10 11:00:32] [debug] ( prunsrv.c:844 ) [ 1656] reportServiceStatusE: 4, 0, 0, 0
[2014-09-10 11:00:32] [debug] ( prunsrv.c:844 ) [ 1656] reportServiceStatusE: 4, 0, 0, 0
[2014-09-10 11:00:37] [debug] ( prunsrv.c:844 ) [ 1656] reportServiceStatusE: 4, 0, 0, 0
[2014-09-10 11:00:37] [debug] ( prunsrv.c:844 ) [ 1656] reportServiceStatusE: 4, 0, 0, 0
[2014-09-10 11:00:37] [debug] ( prunsrv.c:844 ) [ 1656] reportServiceStatusE: 4, 0, 0, 0
[2014-09-10 11:00:43] [debug] ( prunsrv.c:844 ) [ 1656] reportServiceStatusE: 4, 0, 0, 0
[2014-09-10 11:00:43] [debug] ( prunsrv.c:844 ) [ 1656] reportServiceStatusE: 4, 0, 0, 0
[2014-09-10 11:00:43] [debug] ( prunsrv.c:844 ) [ 1656] reportServiceStatusE: 4, 0, 0, 0
[2014-09-10 11:00:48] [debug] ( prunsrv.c:844 ) [ 1656] reportServiceStatusE: 4, 0, 0, 0
[2014-09-10 11:00:48] [debug] ( prunsrv.c:844 ) [ 1656] reportServiceStatusE: 4, 0, 0, 0
[2014-09-10 11:00:48] [debug] ( prunsrv.c:844 ) [ 1656] reportServiceStatusE: 4, 0, 0, 0
[2014-09-10 11:00:53] [debug] ( prunsrv.c:844 ) [ 1656] reportServiceStatusE: 4, 0, 0, 0
[2014-09-10 11:00:53] [debug] ( prunsrv.c:844 ) [ 1656] reportServiceStatusE: 4, 0, 0, 0
[2014-09-10 11:00:53] [debug] ( prunsrv.c:844 ) [ 1656] reportServiceStatusE: 4, 0, 0, 0
[2014-09-10 11:00:58] [debug] ( prunsrv.c:844 ) [ 1656] reportServiceStatusE: 4, 0, 0, 0
[2014-09-10 11:00:58] [debug] ( prunsrv.c:844 ) [ 1656] reportServiceStatusE: 4, 0, 0, 0
[2014-09-10 11:00:58] [debug] ( prunsrv.c:844 ) [ 1656] reportServiceStatusE: 4, 0, 0, 0
[2014-09-10 11:01:03] [debug] ( prunsrv.c:844 ) [ 1656] reportServiceStatusE: 4, 0, 0, 0
[2014-09-10 11:01:03] [debug] ( prunsrv.c:844 ) [ 1656] reportServiceStatusE: 4, 0, 0, 0
[2014-09-10 11:01:03] [debug] ( prunsrv.c:844 ) [ 1656] reportServiceStatusE: 4, 0, 0, 0
[2014-09-10 11:01:08] [debug] ( prunsrv.c:844 ) [ 1656] reportServiceStatusE: 4, 0, 0, 0
[2014-09-10 11:01:08] [debug] ( prunsrv.c:844 ) [ 1656] reportServiceStatusE: 4, 0, 0, 0
[2014-09-10 11:01:08] [debug] ( prunsrv.c:844 ) [ 1656] reportServiceStatusE: 4, 0, 0, 0
[2014-09-10 11:01:13] [debug] ( prunsrv.c:844 ) [ 1656] reportServiceStatusE: 4, 0, 0, 0
[2014-09-10 11:01:13] [debug] ( prunsrv.c:844 ) [ 1656] reportServiceStatusE: 4, 0, 0, 0
[2014-09-10 11:01:13] [debug] ( prunsrv.c:844 ) [ 1656] reportServiceStatusE: 4, 0, 0, 0
[2014-09-10 11:01:18] [debug] ( prunsrv.c:844 ) [ 1656] reportServiceStatusE: 4, 0, 0, 0
[2014-09-10 11:01:18] [debug] ( prunsrv.c:844 ) [ 1656] reportServiceStatusE: 4, 0, 0, 0
[2014-09-10 11:01:18] [debug] ( prunsrv.c:844 ) [ 1656] reportServiceStatusE: 4, 0, 0, 0
[2014-09-10 11:01:23] [debug] ( prunsrv.c:844 ) [ 1656] reportServiceStatusE: 4, 0, 0, 0
[2014-09-10 11:01:23] [debug] ( prunsrv.c:844 ) [ 1656] reportServiceStatusE: 4, 0, 0, 0
[2014-09-10 11:01:23] [debug] ( prunsrv.c:844 ) [ 1656] reportServiceStatusE: 4, 0, 0, 0
[2014-09-10 11:01:29] [debug] ( prunsrv.c:844 ) [ 1656] reportServiceStatusE: 4, 0, 0, 0
[2014-09-10 11:01:29] [debug] ( prunsrv.c:844 ) [ 1656] reportServiceStatusE: 4, 0, 0, 0
[2014-09-10 11:01:29] [debug] ( prunsrv.c:844 ) [ 1656] reportServiceStatusE: 4, 0, 0, 0
[2014-09-10 11:01:34] [debug] ( prunsrv.c:844 ) [ 1656] reportServiceStatusE: 4, 0, 0, 0
[2014-09-10 11:01:34] [debug] ( prunsrv.c:844 ) [ 1656] reportServiceStatusE: 4, 0, 0, 0
[2014-09-10 11:01:34] [debug] ( prunsrv.c:844 ) [ 1656] reportServiceStatusE: 4, 0, 0, 0
[2014-09-10 11:01:39] [debug] ( prunsrv.c:844 ) [ 1656] reportServiceStatusE: 4, 0, 0, 0
[2014-09-10 11:01:39] [debug] ( prunsrv.c:844 ) [ 1656] reportServiceStatusE: 4, 0, 0, 0
[2014-09-10 11:01:39] [debug] ( prunsrv.c:844 ) [ 1656] reportServiceStatusE: 4, 0, 0, 0
[2014-09-10 11:01:44] [debug] ( prunsrv.c:844 ) [ 1656] reportServiceStatusE: 4, 0, 0, 0
[2014-09-10 11:01:44] [debug] ( prunsrv.c:844 ) [ 1656] reportServiceStatusE: 4, 0, 0, 0
[2014-09-10 11:01:44] [debug] ( prunsrv.c:844 ) [ 1656] reportServiceStatusE: 4, 0, 0, 0
[2014-09-10 11:01:49] [debug] ( prunsrv.c:844 ) [ 1656] reportServiceStatusE: 4, 0, 0, 0
[2014-09-10 11:01:49] [debug] ( prunsrv.c:844 ) [ 1656] reportServiceStatusE: 4, 0, 0, 0
[2014-09-10 11:01:49] [debug] ( prunsrv.c:844 ) [ 1656] reportServiceStatusE: 4, 0, 0, 0
[2014-09-10 11:01:54] [debug] ( prunsrv.c:844 ) [ 1656] reportServiceStatusE: 4, 0, 0, 0
[2014-09-10 11:01:54] [debug] ( prunsrv.c:844 ) [ 1656] reportServiceStatusE: 4, 0, 0, 0
[2014-09-10 11:01:54] [debug] ( prunsrv.c:844 ) [ 1656] reportServiceStatusE: 4, 0, 0, 0
[2014-09-10 11:01:59] [debug] ( prunsrv.c:844 ) [ 1656] reportServiceStatusE: 4, 0, 0, 0
[2014-09-10 11:01:59] [debug] ( prunsrv.c:844 ) [ 1656] reportServiceStatusE: 4, 0, 0, 0
[2014-09-10 11:01:59] [debug] ( prunsrv.c:844 ) [ 1656] reportServiceStatusE: 4, 0, 0, 0
[2014-09-10 11:02:04] [debug] ( prunsrv.c:844 ) [ 1656] reportServiceStatusE: 4, 0, 0, 0
[2014-09-10 11:02:04] [debug] ( prunsrv.c:844 ) [ 1656] reportServiceStatusE: 4, 0, 0, 0
[2014-09-10 11:02:04] [debug] ( prunsrv.c:844 ) [ 1656] reportServiceStatusE: 4, 0, 0, 0
[2014-09-10 11:02:09] [debug] ( prunsrv.c:844 ) [ 1656] reportServiceStatusE: 4, 0, 0, 0
[2014-09-10 11:02:09] [debug] ( prunsrv.c:844 ) [ 1656] reportServiceStatusE: 4, 0, 0, 0
[2014-09-10 11:02:09] [debug] ( prunsrv.c:844 ) [ 1656] reportServiceStatusE: 4, 0, 0, 0
[2014-09-10 11:02:14] [debug] ( prunsrv.c:844 ) [ 1656] reportServiceStatusE: 4, 0, 0, 0
[2014-09-10 11:02:14] [debug] ( prunsrv.c:844 ) [ 1656] reportServiceStatusE: 4, 0, 0, 0
[2014-09-10 11:02:15] [debug] ( prunsrv.c:844 ) [ 1656] reportServiceStatusE: 4, 0, 0, 0
[2014-09-10 11:02:20] [debug] ( prunsrv.c:844 ) [ 1656] reportServiceStatusE: 4, 0, 0, 0
[2014-09-10 11:02:20] [debug] ( prunsrv.c:844 ) [ 1656] reportServiceStatusE: 4, 0, 0, 0
[2014-09-10 11:02:20] [debug] ( prunsrv.c:844 ) [ 1656] reportServiceStatusE: 4, 0, 0, 0
[2014-09-10 11:02:25] [debug] ( prunsrv.c:844 ) [ 1656] reportServiceStatusE: 4, 0, 0, 0
[2014-09-10 11:02:25] [debug] ( prunsrv.c:844 ) [ 1656] reportServiceStatusE: 4, 0, 0, 0
[2014-09-10 11:02:25] [debug] ( prunsrv.c:844 ) [ 1656] reportServiceStatusE: 4, 0, 0, 0
[2014-09-10 11:02:30] [debug] ( prunsrv.c:844 ) [ 1656] reportServiceStatusE: 4, 0, 0, 0
[2014-09-10 11:02:30] [debug] ( prunsrv.c:844 ) [ 1656] reportServiceStatusE: 4, 0, 0, 0
[2014-09-10 11:02:30] [debug] ( prunsrv.c:844 ) [ 1656] reportServiceStatusE: 4, 0, 0, 0
[2014-09-10 11:02:35] [debug] ( prunsrv.c:844 ) [ 1656] reportServiceStatusE: 4, 0, 0, 0
[2014-09-10 11:02:35] [debug] ( prunsrv.c:844 ) [ 1656] reportServiceStatusE: 4, 0, 0, 0
[2014-09-10 11:02:35] [debug] ( prunsrv.c:844 ) [ 1656] reportServiceStatusE: 4, 0, 0, 0
[2014-09-10 11:02:40] [debug] ( prunsrv.c:844 ) [ 1656] reportServiceStatusE: 4, 0, 0, 0
[2014-09-10 11:02:40] [debug] ( prunsrv.c:844 ) [ 1656] reportServiceStatusE: 4, 0, 0, 0
[2014-09-10 11:02:40] [debug] ( prunsrv.c:844 ) [ 1656] reportServiceStatusE: 4, 0, 0, 0
[2014-09-10 11:02:45] [debug] ( prunsrv.c:844 ) [ 1656] reportServiceStatusE: 4, 0, 0, 0
[2014-09-10 11:02:45] [debug] ( prunsrv.c:844 ) [ 1656] reportServiceStatusE: 4, 0, 0, 0
[2014-09-10 11:02:45] [debug] ( prunsrv.c:844 ) [ 1656] reportServiceStatusE: 4, 0, 0, 0
[2014-09-10 11:02:50] [debug] ( prunsrv.c:844 ) [ 1656] reportServiceStatusE: 4, 0, 0, 0
[2014-09-10 11:02:50] [debug] ( prunsrv.c:844 ) [ 1656] reportServiceStatusE: 4, 0, 0, 0
[2014-09-10 11:02:50] [debug] ( prunsrv.c:844 ) [ 1656] reportServiceStatusE: 4, 0, 0, 0
[2014-09-10 11:02:55] [debug] ( prunsrv.c:844 ) [ 1656] reportServiceStatusE: 4, 0, 0, 0
[2014-09-10 11:02:55] [debug] ( prunsrv.c:844 ) [ 1656] reportServiceStatusE: 4, 0, 0, 0
[2014-09-10 11:02:55] [debug] ( prunsrv.c:844 ) [ 1656] reportServiceStatusE: 4, 0, 0, 0
[2014-09-10 11:03:00] [debug] ( prunsrv.c:844 ) [ 1656] reportServiceStatusE: 4, 0, 0, 0
[2014-09-10 11:03:00] [debug] ( prunsrv.c:844 ) [ 1656] reportServiceStatusE: 4, 0, 0, 0
[2014-09-10 11:03:00] [debug] ( prunsrv.c:844 ) [ 1656] reportServiceStatusE: 4, 0, 0, 0
[2014-09-10 11:03:06] [debug] ( prunsrv.c:844 ) [ 1656] reportServiceStatusE: 4, 0, 0, 0
[2014-09-10 11:03:06] [debug] ( prunsrv.c:844 ) [ 1656] reportServiceStatusE: 4, 0, 0, 0
[2014-09-10 11:03:06] [debug] ( prunsrv.c:844 ) [ 1656] reportServiceStatusE: 4, 0, 0, 0
[2014-09-10 11:03:11] [debug] ( prunsrv.c:844 ) [ 1656] reportServiceStatusE: 4, 0, 0, 0
[2014-09-10 11:03:11] [debug] ( prunsrv.c:844 ) [ 1656] reportServiceStatusE: 4, 0, 0, 0
[2014-09-10 11:03:11] [debug] ( prunsrv.c:844 ) [ 1656] reportServiceStatusE: 4, 0, 0, 0
[2014-09-10 11:03:16] [debug] ( prunsrv.c:844 ) [ 1656] reportServiceStatusE: 4, 0, 0, 0
[2014-09-10 11:03:16] [debug] ( prunsrv.c:844 ) [ 1656] reportServiceStatusE: 4, 0, 0, 0
[2014-09-10 11:03:16] [debug] ( prunsrv.c:844 ) [ 1656] reportServiceStatusE: 4, 0, 0, 0
[2014-09-10 11:03:21] [debug] ( prunsrv.c:844 ) [ 1656] reportServiceStatusE: 4, 0, 0, 0
[2014-09-10 11:03:21] [debug] ( prunsrv.c:844 ) [ 1656] reportServiceStatusE: 4, 0, 0, 0
[2014-09-10 11:03:21] [debug] ( prunsrv.c:844 ) [ 1656] reportServiceStatusE: 4, 0, 0, 0
[2014-09-10 11:03:26] [debug] ( prunsrv.c:844 ) [ 1656] reportServiceStatusE: 4, 0, 0, 0
[2014-09-10 11:03:26] [debug] ( prunsrv.c:844 ) [ 1656] reportServiceStatusE: 4, 0, 0, 0
[2014-09-10 11:03:26] [debug] ( prunsrv.c:844 ) [ 1656] reportServiceStatusE: 4, 0, 0, 0
[2014-09-10 11:03:31] [debug] ( prunsrv.c:844 ) [ 1656] reportServiceStatusE: 4, 0, 0, 0
[2014-09-10 11:03:31] [debug] ( prunsrv.c:844 ) [ 1656] reportServiceStatusE: 4, 0, 0, 0
[2014-09-10 11:03:31] [debug] ( prunsrv.c:844 ) [ 1656] reportServiceStatusE: 4, 0, 0, 0
[2014-09-10 11:03:36] [debug] ( prunsrv.c:844 ) [ 1656] reportServiceStatusE: 4, 0, 0, 0
[2014-09-10 11:03:36] [debug] ( prunsrv.c:844 ) [ 1656] reportServiceStatusE: 4, 0, 0, 0
[2014-09-10 11:03:36] [debug] ( prunsrv.c:844 ) [ 1656] reportServiceStatusE: 4, 0, 0, 0
[2014-09-10 11:03:41] [debug] ( prunsrv.c:844 ) [ 1656] reportServiceStatusE: 4, 0, 0, 0
[2014-09-10 11:03:41] [debug] ( prunsrv.c:844 ) [ 1656] reportServiceStatusE: 4, 0, 0, 0
[2014-09-10 11:03:41] [debug] ( prunsrv.c:844 ) [ 1656] reportServiceStatusE: 4, 0, 0, 0
[2014-09-10 11:03:46] [debug] ( prunsrv.c:844 ) [ 1656] reportServiceStatusE: 4, 0, 0, 0
[2014-09-10 11:03:46] [debug] ( prunsrv.c:844 ) [ 1656] reportServiceStatusE: 4, 0, 0, 0
[2014-09-10 11:03:46] [debug] ( prunsrv.c:844 ) [ 1656] reportServiceStatusE: 4, 0, 0, 0
[2014-09-10 11:03:52] [debug] ( prunsrv.c:844 ) [ 1656] reportServiceStatusE: 4, 0, 0, 0
[2014-09-10 11:03:52] [debug] ( prunsrv.c:844 ) [ 1656] reportServiceStatusE: 4, 0, 0, 0
[2014-09-10 11:03:52] [debug] ( prunsrv.c:844 ) [ 1656] reportServiceStatusE: 4, 0, 0, 0
[2014-09-10 11:03:57] [debug] ( prunsrv.c:844 ) [ 1656] reportServiceStatusE: 4, 0, 0, 0
[2014-09-10 11:03:57] [debug] ( prunsrv.c:844 ) [ 1656] reportServiceStatusE: 4, 0, 0, 0
[2014-09-10 11:03:57] [debug] ( prunsrv.c:844 ) [ 1656] reportServiceStatusE: 4, 0, 0, 0
[2014-09-10 11:04:02] [debug] ( prunsrv.c:844 ) [ 1656] reportServiceStatusE: 4, 0, 0, 0
[2014-09-10 11:04:02] [debug] ( prunsrv.c:844 ) [ 1656] reportServiceStatusE: 4, 0, 0, 0
[2014-09-10 11:04:02] [debug] ( prunsrv.c:844 ) [ 1656] reportServiceStatusE: 4, 0, 0, 0
[2014-09-10 11:04:07] [debug] ( prunsrv.c:844 ) [ 1656] reportServiceStatusE: 4, 0, 0, 0
[2014-09-10 11:04:07] [debug] ( prunsrv.c:844 ) [ 1656] reportServiceStatusE: 4, 0, 0, 0
[2014-09-10 11:04:07] [debug] ( prunsrv.c:844 ) [ 1656] reportServiceStatusE: 4, 0, 0, 0
[2014-09-10 11:04:12] [debug] ( prunsrv.c:844 ) [ 1656] reportServiceStatusE: 4, 0, 0, 0
[2014-09-10 11:04:12] [debug] ( prunsrv.c:844 ) [ 1656] reportServiceStatusE: 4, 0, 0, 0
[2014-09-10 11:04:12] [debug] ( prunsrv.c:844 ) [ 1656] reportServiceStatusE: 4, 0, 0, 0
[2014-09-10 11:04:17] [debug] ( prunsrv.c:844 ) [ 1656] reportServiceStatusE: 4, 0, 0, 0
[2014-09-10 11:04:17] [debug] ( prunsrv.c:844 ) [ 1656] reportServiceStatusE: 4, 0, 0, 0
[2014-09-10 11:04:17] [debug] ( prunsrv.c:844 ) [ 1656] reportServiceStatusE: 4, 0, 0, 0
[2014-09-10 11:04:22] [debug] ( prunsrv.c:844 ) [ 1656] reportServiceStatusE: 4, 0, 0, 0
[2014-09-10 11:04:22] [debug] ( prunsrv.c:844 ) [ 1656] reportServiceStatusE: 4, 0, 0, 0
[2014-09-10 11:04:22] [debug] ( prunsrv.c:844 ) [ 1656] reportServiceStatusE: 4, 0, 0, 0
[2014-09-10 11:04:27] [debug] ( prunsrv.c:844 ) [ 1656] reportServiceStatusE: 4, 0, 0, 0
[2014-09-10 11:04:27] [debug] ( prunsrv.c:844 ) [ 1656] reportServiceStatusE: 4, 0, 0, 0
[2014-09-10 11:04:27] [debug] ( prunsrv.c:844 ) [ 1656] reportServiceStatusE: 4, 0, 0, 0
[2014-09-10 11:04:32] [debug] ( prunsrv.c:844 ) [ 1656] reportServiceStatusE: 4, 0, 0, 0
[2014-09-10 11:04:32] [debug] ( prunsrv.c:844 ) [ 1656] reportServiceStatusE: 4, 0, 0, 0
[2014-09-10 11:04:32] [debug] ( prunsrv.c:844 ) [ 1656] reportServiceStatusE: 4, 0, 0, 0
[2014-09-10 11:04:38] [debug] ( prunsrv.c:844 ) [ 1656] reportServiceStatusE: 4, 0, 0, 0
[2014-09-10 11:04:38] [debug] ( prunsrv.c:844 ) [ 1656] reportServiceStatusE: 4, 0, 0, 0
[2014-09-10 11:04:38] [debug] ( prunsrv.c:844 ) [ 1656] reportServiceStatusE: 4, 0, 0, 0
[2014-09-10 11:04:43] [debug] ( prunsrv.c:844 ) [ 1656] reportServiceStatusE: 4, 0, 0, 0
[2014-09-10 11:04:43] [debug] ( prunsrv.c:844 ) [ 1656] reportServiceStatusE: 4, 0, 0, 0
[2014-09-10 11:04:43] [debug] ( prunsrv.c:844 ) [ 1656] reportServiceStatusE: 4, 0, 0, 0
[2014-09-10 11:04:48] [debug] ( prunsrv.c:844 ) [ 1656] reportServiceStatusE: 4, 0, 0, 0
[2014-09-10 11:04:48] [debug] ( prunsrv.c:844 ) [ 1656] reportServiceStatusE: 4, 0, 0, 0
[2014-09-10 11:04:48] [debug] ( prunsrv.c:844 ) [ 1656] reportServiceStatusE: 4, 0, 0, 0
[2014-09-10 11:04:53] [debug] ( prunsrv.c:844 ) [ 1656] reportServiceStatusE: 4, 0, 0, 0
[2014-09-10 11:04:53] [debug] ( prunsrv.c:844 ) [ 1656] reportServiceStatusE: 4, 0, 0, 0
[2014-09-10 11:04:53] [debug] ( prunsrv.c:844 ) [ 1656] reportServiceStatusE: 4, 0, 0, 0
[2014-09-10 11:04:58] [debug] ( prunsrv.c:844 ) [ 1656] reportServiceStatusE: 4, 0, 0, 0
[2014-09-10 11:04:58] [debug] ( prunsrv.c:844 ) [ 1656] reportServiceStatusE: 4, 0, 0, 0
[2014-09-10 11:04:58] [debug] ( prunsrv.c:844 ) [ 1656] reportServiceStatusE: 4, 0, 0, 0
[2014-09-10 11:05:03] [debug] ( prunsrv.c:844 ) [ 1656] reportServiceStatusE: 4, 0, 0, 0
[2014-09-10 11:05:03] [debug] ( prunsrv.c:844 ) [ 1656] reportServiceStatusE: 4, 0, 0, 0
[2014-09-10 11:05:03] [debug] ( prunsrv.c:844 ) [ 1656] reportServiceStatusE: 4, 0, 0, 0
[2014-09-10 11:05:08] [debug] ( prunsrv.c:844 ) [ 1656] reportServiceStatusE: 4, 0, 0, 0
[2014-09-10 11:05:08] [debug] ( prunsrv.c:844 ) [ 1656] reportServiceStatusE: 4, 0, 0, 0
[2014-09-10 11:05:08] [debug] ( prunsrv.c:844 ) [ 1656] reportServiceStatusE: 4, 0, 0, 0
[2014-09-10 11:05:13] [debug] ( prunsrv.c:844 ) [ 1656] reportServiceStatusE: 4, 0, 0, 0
[2014-09-10 11:05:13] [debug] ( prunsrv.c:844 ) [ 1656] reportServiceStatusE: 4, 0, 0, 0
[2014-09-10 11:05:13] [debug] ( prunsrv.c:844 ) [ 1656] reportServiceStatusE: 4, 0, 0, 0
[2014-09-10 11:05:18] [debug] ( prunsrv.c:844 ) [ 1656] reportServiceStatusE: 4, 0, 0, 0
[2014-09-10 11:05:18] [debug] ( prunsrv.c:844 ) [ 1656] reportServiceStatusE: 4, 0, 0, 0
[2014-09-10 11:05:19] [debug] ( prunsrv.c:844 ) [ 1656] reportServiceStatusE: 4, 0, 0, 0
[2014-09-10 11:05:24] [debug] ( prunsrv.c:844 ) [ 1656] reportServiceStatusE: 4, 0, 0, 0
[2014-09-10 11:05:24] [debug] ( prunsrv.c:844 ) [ 1656] reportServiceStatusE: 4, 0, 0, 0
[2014-09-10 11:05:24] [debug] ( prunsrv.c:844 ) [ 1656] reportServiceStatusE: 4, 0, 0, 0
[2014-09-10 11:05:29] [debug] ( prunsrv.c:844 ) [ 1656] reportServiceStatusE: 4, 0, 0, 0
[2014-09-10 11:05:29] [debug] ( prunsrv.c:844 ) [ 1656] reportServiceStatusE: 4, 0, 0, 0
[2014-09-10 11:05:29] [debug] ( prunsrv.c:844 ) [ 1656] reportServiceStatusE: 4, 0, 0, 0
[2014-09-10 11:05:34] [debug] ( prunsrv.c:844 ) [ 1656] reportServiceStatusE: 4, 0, 0, 0
[2014-09-10 11:05:34] [debug] ( prunsrv.c:844 ) [ 1656] reportServiceStatusE: 4, 0, 0, 0
[2014-09-10 11:05:34] [debug] ( prunsrv.c:844 ) [ 1656] reportServiceStatusE: 4, 0, 0, 0
[2014-09-10 11:05:39] [debug] ( prunsrv.c:844 ) [ 1656] reportServiceStatusE: 4, 0, 0, 0
[2014-09-10 11:05:39] [debug] ( prunsrv.c:844 ) [ 1656] reportServiceStatusE: 4, 0, 0, 0
[2014-09-10 11:05:39] [debug] ( prunsrv.c:844 ) [ 1656] reportServiceStatusE: 4, 0, 0, 0
[2014-09-10 11:05:44] [debug] ( prunsrv.c:844 ) [ 1656] reportServiceStatusE: 4, 0, 0, 0
[2014-09-10 11:05:44] [debug] ( prunsrv.c:844 ) [ 1656] reportServiceStatusE: 4, 0, 0, 0
[2014-09-10 11:05:44] [debug] ( prunsrv.c:844 ) [ 1656] reportServiceStatusE: 4, 0, 0, 0
[2014-09-10 11:05:49] [debug] ( prunsrv.c:844 ) [ 1656] reportServiceStatusE: 4, 0, 0, 0
[2014-09-10 11:05:49] [debug] ( prunsrv.c:844 ) [ 1656] reportServiceStatusE: 4, 0, 0, 0
[2014-09-10 11:05:49] [debug] ( prunsrv.c:844 ) [ 1656] reportServiceStatusE: 4, 0, 0, 0
[2014-09-10 11:05:54] [debug] ( prunsrv.c:844 ) [ 1656] reportServiceStatusE: 4, 0, 0, 0
[2014-09-10 11:05:54] [debug] ( prunsrv.c:844 ) [ 1656] reportServiceStatusE: 4, 0, 0, 0
[2014-09-10 11:05:54] [debug] ( prunsrv.c:844 ) [ 1656] reportServiceStatusE: 4, 0, 0, 0
[2014-09-10 11:05:59] [debug] ( prunsrv.c:844 ) [ 1656] reportServiceStatusE: 4, 0, 0, 0
[2014-09-10 11:05:59] [debug] ( prunsrv.c:844 ) [ 1656] reportServiceStatusE: 4, 0, 0, 0
[2014-09-10 11:05:59] [debug] ( prunsrv.c:844 ) [ 1656] reportServiceStatusE: 4, 0, 0, 0
[2014-09-10 11:06:04] [debug] ( prunsrv.c:844 ) [ 1656] reportServiceStatusE: 4, 0, 0, 0
[2014-09-10 11:06:04] [debug] ( prunsrv.c:844 ) [ 1656] reportServiceStatusE: 4, 0, 0, 0
[2014-09-10 11:06:04] [debug] ( prunsrv.c:844 ) [ 1656] reportServiceStatusE: 4, 0, 0, 0
[2014-09-10 11:06:10] [debug] ( prunsrv.c:844 ) [ 1656] reportServiceStatusE: 4, 0, 0, 0
[2014-09-10 11:06:10] [debug] ( prunsrv.c:844 ) [ 1656] reportServiceStatusE: 4, 0, 0, 0
[2014-09-10 11:06:10] [debug] ( prunsrv.c:844 ) [ 1656] reportServiceStatusE: 4, 0, 0, 0
[2014-09-10 11:06:15] [debug] ( prunsrv.c:844 ) [ 1656] reportServiceStatusE: 4, 0, 0, 0
[2014-09-10 11:06:15] [debug] ( prunsrv.c:844 ) [ 1656] reportServiceStatusE: 4, 0, 0, 0
[2014-09-10 11:06:15] [debug] ( prunsrv.c:844 ) [ 1656] reportServiceStatusE: 4, 0, 0, 0
[2014-09-10 11:06:20] [debug] ( prunsrv.c:844 ) [ 1656] reportServiceStatusE: 4, 0, 0, 0
[2014-09-10 11:06:20] [debug] ( prunsrv.c:844 ) [ 1656] reportServiceStatusE: 4, 0, 0, 0
[2014-09-10 11:06:20] [debug] ( prunsrv.c:844 ) [ 1656] reportServiceStatusE: 4, 0, 0, 0
[2014-09-10 11:06:25] [debug] ( prunsrv.c:844 ) [ 1656] reportServiceStatusE: 4, 0, 0, 0
[2014-09-10 11:06:25] [debug] ( prunsrv.c:844 ) [ 1656] reportServiceStatusE: 4, 0, 0, 0
[2014-09-10 11:06:25] [debug] ( prunsrv.c:844 ) [ 1656] reportServiceStatusE: 4, 0, 0, 0
[2014-09-10 11:06:30] [debug] ( prunsrv.c:844 ) [ 1656] reportServiceStatusE: 4, 0, 0, 0
[2014-09-10 11:06:30] [debug] ( prunsrv.c:844 ) [ 1656] reportServiceStatusE: 4, 0, 0, 0
[2014-09-10 11:06:30] [debug] ( prunsrv.c:844 ) [ 1656] reportServiceStatusE: 4, 0, 0, 0
[2014-09-10 11:06:35] [debug] ( prunsrv.c:844 ) [ 1656] reportServiceStatusE: 4, 0, 0, 0
[2014-09-10 11:06:35] [debug] ( prunsrv.c:844 ) [ 1656] reportServiceStatusE: 4, 0, 0, 0
[2014-09-10 11:06:35] [debug] ( prunsrv.c:844 ) [ 1656] reportServiceStatusE: 4, 0, 0, 0
[2014-09-10 11:06:40] [debug] ( prunsrv.c:844 ) [ 1656] reportServiceStatusE: 4, 0, 0, 0
[2014-09-10 11:06:40] [debug] ( prunsrv.c:844 ) [ 1656] reportServiceStatusE: 4, 0, 0, 0
[2014-09-10 11:06:40] [debug] ( prunsrv.c:844 ) [ 1656] reportServiceStatusE: 4, 0, 0, 0
[2014-09-10 11:06:45] [debug] ( prunsrv.c:844 ) [ 1656] reportServiceStatusE: 4, 0, 0, 0
[2014-09-10 11:06:45] [debug] ( prunsrv.c:844 ) [ 1656] reportServiceStatusE: 4, 0, 0, 0
[2014-09-10 11:06:45] [debug] ( prunsrv.c:844 ) [ 1656] reportServiceStatusE: 4, 0, 0, 0
[2014-09-10 11:06:50] [debug] ( prunsrv.c:844 ) [ 1656] reportServiceStatusE: 4, 0, 0, 0
[2014-09-10 11:06:50] [debug] ( prunsrv.c:844 ) [ 1656] reportServiceStatusE: 4, 0, 0, 0
[2014-09-10 11:06:50] [debug] ( prunsrv.c:844 ) [ 1656] reportServiceStatusE: 4, 0, 0, 0
[2014-09-10 11:06:56] [debug] ( prunsrv.c:844 ) [ 1656] reportServiceStatusE: 4, 0, 0, 0
[2014-09-10 11:06:56] [debug] ( prunsrv.c:844 ) [ 1656] reportServiceStatusE: 4, 0, 0, 0
[2014-09-10 11:06:56] [debug] ( prunsrv.c:844 ) [ 1656] reportServiceStatusE: 4, 0, 0, 0
[2014-09-10 11:07:01] [debug] ( prunsrv.c:844 ) [ 1656] reportServiceStatusE: 4, 0, 0, 0
[2014-09-10 11:07:01] [debug] ( prunsrv.c:844 ) [ 1656] reportServiceStatusE: 4, 0, 0, 0
[2014-09-10 11:07:01] [debug] ( prunsrv.c:844 ) [ 1656] reportServiceStatusE: 4, 0, 0, 0
[2014-09-10 11:07:06] [debug] ( prunsrv.c:844 ) [ 1656] reportServiceStatusE: 4, 0, 0, 0
[2014-09-10 11:07:06] [debug] ( prunsrv.c:844 ) [ 1656] reportServiceStatusE: 4, 0, 0, 0
[2014-09-10 11:07:06] [debug] ( prunsrv.c:844 ) [ 1656] reportServiceStatusE: 4, 0, 0, 0
[2014-09-10 11:07:11] [debug] ( prunsrv.c:844 ) [ 1656] reportServiceStatusE: 4, 0, 0, 0
[2014-09-10 11:07:11] [debug] ( prunsrv.c:844 ) [ 1656] reportServiceStatusE: 4, 0, 0, 0
[2014-09-10 11:07:11] [debug] ( prunsrv.c:844 ) [ 1656] reportServiceStatusE: 4, 0, 0, 0
[2014-09-10 11:07:16] [debug] ( prunsrv.c:844 ) [ 1656] reportServiceStatusE: 4, 0, 0, 0
[2014-09-10 11:07:16] [debug] ( prunsrv.c:844 ) [ 1656] reportServiceStatusE: 4, 0, 0, 0
[2014-09-10 11:07:16] [debug] ( prunsrv.c:844 ) [ 1656] reportServiceStatusE: 4, 0, 0, 0
[2014-09-10 11:07:21] [debug] ( prunsrv.c:844 ) [ 1656] reportServiceStatusE: 4, 0, 0, 0
[2014-09-10 11:07:21] [debug] ( prunsrv.c:844 ) [ 1656] reportServiceStatusE: 4, 0, 0, 0
[2014-09-10 11:07:21] [debug] ( prunsrv.c:844 ) [ 1656] reportServiceStatusE: 4, 0, 0, 0
[2014-09-10 11:07:26] [debug] ( prunsrv.c:844 ) [ 1656] reportServiceStatusE: 4, 0, 0, 0
[2014-09-10 11:07:26] [debug] ( prunsrv.c:844 ) [ 1656] reportServiceStatusE: 4, 0, 0, 0
[2014-09-10 11:07:26] [debug] ( prunsrv.c:844 ) [ 1656] reportServiceStatusE: 4, 0, 0, 0
[2014-09-10 11:07:31] [debug] ( prunsrv.c:844 ) [ 1656] reportServiceStatusE: 4, 0, 0, 0
[2014-09-10 11:07:31] [debug] ( prunsrv.c:844 ) [ 1656] reportServiceStatusE: 4, 0, 0, 0
[2014-09-10 11:07:31] [debug] ( prunsrv.c:844 ) [ 1656] reportServiceStatusE: 4, 0, 0, 0
[2014-09-10 11:07:36] [debug] ( prunsrv.c:844 ) [ 1656] reportServiceStatusE: 4, 0, 0, 0
[2014-09-10 11:07:36] [debug] ( prunsrv.c:844 ) [ 1656] reportServiceStatusE: 4, 0, 0, 0
[2014-09-10 11:07:36] [debug] ( prunsrv.c:844 ) [ 1656] reportServiceStatusE: 4, 0, 0, 0
[2014-09-10 11:07:42] [debug] ( prunsrv.c:844 ) [ 1656] reportServiceStatusE: 4, 0, 0, 0
[2014-09-10 11:07:42] [debug] ( prunsrv.c:844 ) [ 1656] reportServiceStatusE: 4, 0, 0, 0
[2014-09-10 11:07:42] [debug] ( prunsrv.c:844 ) [ 1656] reportServiceStatusE: 4, 0, 0, 0
[2014-09-10 11:07:47] [debug] ( prunsrv.c:844 ) [ 1656] reportServiceStatusE: 4, 0, 0, 0
[2014-09-10 11:07:47] [debug] ( prunsrv.c:844 ) [ 1656] reportServiceStatusE: 4, 0, 0, 0
[2014-09-10 11:07:47] [debug] ( prunsrv.c:844 ) [ 1656] reportServiceStatusE: 4, 0, 0, 0
[2014-09-10 11:07:52] [debug] ( prunsrv.c:844 ) [ 1656] reportServiceStatusE: 4, 0, 0, 0
[2014-09-10 11:07:52] [debug] ( prunsrv.c:844 ) [ 1656] reportServiceStatusE: 4, 0, 0, 0
[2014-09-10 11:07:52] [debug] ( prunsrv.c:844 ) [ 1656] reportServiceStatusE: 4, 0, 0, 0
[2014-09-10 11:07:57] [debug] ( prunsrv.c:844 ) [ 1656] reportServiceStatusE: 4, 0, 0, 0
[2014-09-10 11:07:57] [debug] ( prunsrv.c:844 ) [ 1656] reportServiceStatusE: 4, 0, 0, 0
[2014-09-10 11:07:57] [debug] ( prunsrv.c:844 ) [ 1656] reportServiceStatusE: 4, 0, 0, 0
[2014-09-10 11:08:02] [debug] ( prunsrv.c:844 ) [ 1656] reportServiceStatusE: 4, 0, 0, 0
[2014-09-10 11:08:02] [debug] ( prunsrv.c:844 ) [ 1656] reportServiceStatusE: 4, 0, 0, 0
[2014-09-10 11:08:02] [debug] ( prunsrv.c:844 ) [ 1656] reportServiceStatusE: 4, 0, 0, 0
[2014-09-10 11:08:07] [debug] ( prunsrv.c:844 ) [ 1656] reportServiceStatusE: 4, 0, 0, 0
[2014-09-10 11:08:07] [debug] ( prunsrv.c:844 ) [ 1656] reportServiceStatusE: 4, 0, 0, 0
[2014-09-10 11:08:07] [debug] ( prunsrv.c:844 ) [ 1656] reportServiceStatusE: 4, 0, 0, 0
[2014-09-10 11:08:12] [debug] ( prunsrv.c:844 ) [ 1656] reportServiceStatusE: 4, 0, 0, 0
[2014-09-10 11:08:12] [debug] ( prunsrv.c:844 ) [ 1656] reportServiceStatusE: 4, 0, 0, 0
[2014-09-10 11:08:12] [debug] ( prunsrv.c:844 ) [ 1656] reportServiceStatusE: 4, 0, 0, 0
[2014-09-10 11:08:17] [debug] ( prunsrv.c:844 ) [ 1656] reportServiceStatusE: 4, 0, 0, 0
[2014-09-10 11:08:17] [debug] ( prunsrv.c:844 ) [ 1656] reportServiceStatusE: 4, 0, 0, 0
[2014-09-10 11:08:17] [debug] ( prunsrv.c:844 ) [ 1656] reportServiceStatusE: 4, 0, 0, 0
[2014-09-10 11:08:22] [debug] ( prunsrv.c:844 ) [ 1656] reportServiceStatusE: 4, 0, 0, 0
[2014-09-10 11:08:22] [debug] ( prunsrv.c:844 ) [ 1656] reportServiceStatusE: 4, 0, 0, 0
[2014-09-10 11:08:22] [debug] ( prunsrv.c:844 ) [ 1656] reportServiceStatusE: 4, 0, 0, 0
[2014-09-10 11:08:28] [debug] ( prunsrv.c:844 ) [ 1656] reportServiceStatusE: 4, 0, 0, 0
[2014-09-10 11:08:28] [debug] ( prunsrv.c:844 ) [ 1656] reportServiceStatusE: 4, 0, 0, 0
[2014-09-10 11:08:28] [debug] ( prunsrv.c:844 ) [ 1656] reportServiceStatusE: 4, 0, 0, 0
[2014-09-10 11:08:33] [debug] ( prunsrv.c:844 ) [ 1656] reportServiceStatusE: 4, 0, 0, 0
[2014-09-10 11:08:33] [debug] ( prunsrv.c:844 ) [ 1656] reportServiceStatusE: 4, 0, 0, 0
[2014-09-10 11:08:33] [debug] ( prunsrv.c:844 ) [ 1656] reportServiceStatusE: 4, 0, 0, 0
[2014-09-10 11:08:38] [debug] ( prunsrv.c:844 ) [ 1656] reportServiceStatusE: 4, 0, 0, 0
[2014-09-10 11:08:38] [debug] ( prunsrv.c:844 ) [ 1656] reportServiceStatusE: 4, 0, 0, 0
[2014-09-10 11:08:38] [debug] ( prunsrv.c:844 ) [ 1656] reportServiceStatusE: 4, 0, 0, 0
[2014-09-10 11:08:43] [debug] ( prunsrv.c:844 ) [ 1656] reportServiceStatusE: 4, 0, 0, 0
[2014-09-10 11:08:43] [debug] ( prunsrv.c:844 ) [ 1656] reportServiceStatusE: 4, 0, 0, 0
[2014-09-10 11:08:43] [debug] ( prunsrv.c:844 ) [ 1656] reportServiceStatusE: 4, 0, 0, 0
[2014-09-10 11:08:48] [debug] ( prunsrv.c:844 ) [ 1656] reportServiceStatusE: 4, 0, 0, 0
[2014-09-10 11:08:48] [debug] ( prunsrv.c:844 ) [ 1656] reportServiceStatusE: 4, 0, 0, 0
[2014-09-10 11:08:48] [debug] ( prunsrv.c:844 ) [ 1656] reportServiceStatusE: 4, 0, 0, 0
[2014-09-10 11:08:53] [debug] ( prunsrv.c:844 ) [ 1656] reportServiceStatusE: 4, 0, 0, 0
[2014-09-10 11:08:53] [debug] ( prunsrv.c:844 ) [ 1656] reportServiceStatusE: 4, 0, 0, 0
[2014-09-10 11:08:53] [debug] ( prunsrv.c:844 ) [ 1656] reportServiceStatusE: 4, 0, 0, 0
[2014-09-10 11:08:58] [debug] ( prunsrv.c:844 ) [ 1656] reportServiceStatusE: 4, 0, 0, 0
[2014-09-10 11:08:58] [debug] ( prunsrv.c:844 ) [ 1656] reportServiceStatusE: 4, 0, 0, 0
[2014-09-10 11:08:58] [debug] ( prunsrv.c:844 ) [ 1656] reportServiceStatusE: 4, 0, 0, 0
[2014-09-10 11:09:03] [debug] ( prunsrv.c:844 ) [ 1656] reportServiceStatusE: 4, 0, 0, 0
[2014-09-10 11:09:03] [debug] ( prunsrv.c:844 ) [ 1656] reportServiceStatusE: 4, 0, 0, 0
[2014-09-10 11:09:03] [debug] ( prunsrv.c:844 ) [ 1656] reportServiceStatusE: 4, 0, 0, 0
[2014-09-10 11:09:08] [debug] ( prunsrv.c:844 ) [ 1656] reportServiceStatusE: 4, 0, 0, 0
[2014-09-10 11:09:08] [debug] ( prunsrv.c:844 ) [ 1656] reportServiceStatusE: 4, 0, 0, 0
[2014-09-10 11:09:08] [debug] ( prunsrv.c:844 ) [ 1656] reportServiceStatusE: 4, 0, 0, 0
[2014-09-10 11:09:14] [debug] ( prunsrv.c:844 ) [ 1656] reportServiceStatusE: 4, 0, 0, 0
[2014-09-10 11:09:14] [debug] ( prunsrv.c:844 ) [ 1656] reportServiceStatusE: 4, 0, 0, 0
[2014-09-10 11:09:14] [debug] ( prunsrv.c:844 ) [ 1656] reportServiceStatusE: 4, 0, 0, 0
[2014-09-10 11:09:19] [debug] ( prunsrv.c:844 ) [ 1656] reportServiceStatusE: 4, 0, 0, 0
[2014-09-10 11:09:19] [debug] ( prunsrv.c:844 ) [ 1656] reportServiceStatusE: 4, 0, 0, 0
[2014-09-10 11:09:19] [debug] ( prunsrv.c:844 ) [ 1656] reportServiceStatusE: 4, 0, 0, 0
[2014-09-10 11:09:24] [debug] ( prunsrv.c:844 ) [ 1656] reportServiceStatusE: 4, 0, 0, 0
[2014-09-10 11:09:24] [debug] ( prunsrv.c:844 ) [ 1656] reportServiceStatusE: 4, 0, 0, 0
[2014-09-10 11:09:24] [debug] ( prunsrv.c:844 ) [ 1656] reportServiceStatusE: 4, 0, 0, 0
[2014-09-10 11:09:29] [debug] ( prunsrv.c:844 ) [ 1656] reportServiceStatusE: 4, 0, 0, 0
[2014-09-10 11:09:29] [debug] ( prunsrv.c:844 ) [ 1656] reportServiceStatusE: 4, 0, 0, 0
[2014-09-10 11:09:29] [debug] ( prunsrv.c:844 ) [ 1656] reportServiceStatusE: 4, 0, 0, 0
[2014-09-10 11:09:34] [debug] ( prunsrv.c:844 ) [ 1656] reportServiceStatusE: 4, 0, 0, 0
[2014-09-10 11:09:34] [debug] ( prunsrv.c:844 ) [ 1656] reportServiceStatusE: 4, 0, 0, 0
[2014-09-10 11:09:34] [debug] ( prunsrv.c:844 ) [ 1656] reportServiceStatusE: 4, 0, 0, 0
[2014-09-10 11:09:39] [debug] ( prunsrv.c:844 ) [ 1656] reportServiceStatusE: 4, 0, 0, 0
[2014-09-10 11:09:39] [debug] ( prunsrv.c:844 ) [ 1656] reportServiceStatusE: 4, 0, 0, 0
[2014-09-10 11:09:39] [debug] ( prunsrv.c:844 ) [ 1656] reportServiceStatusE: 4, 0, 0, 0
[2014-09-10 11:09:44] [debug] ( prunsrv.c:844 ) [ 1656] reportServiceStatusE: 4, 0, 0, 0
[2014-09-10 11:09:44] [debug] ( prunsrv.c:844 ) [ 1656] reportServiceStatusE: 4, 0, 0, 0
[2014-09-10 11:09:44] [debug] ( prunsrv.c:844 ) [ 1656] reportServiceStatusE: 4, 0, 0, 0
[2014-09-10 11:09:49] [debug] ( prunsrv.c:844 ) [ 1656] reportServiceStatusE: 4, 0, 0, 0
[2014-09-10 11:09:49] [debug] ( prunsrv.c:844 ) [ 1656] reportServiceStatusE: 4, 0, 0, 0
[2014-09-10 11:09:49] [debug] ( prunsrv.c:844 ) [ 1656] reportServiceStatusE: 4, 0, 0, 0
[2014-09-10 11:09:54] [debug] ( prunsrv.c:844 ) [ 1656] reportServiceStatusE: 4, 0, 0, 0
[2014-09-10 11:09:54] [debug] ( prunsrv.c:844 ) [ 1656] reportServiceStatusE: 4, 0, 0, 0
[2014-09-10 11:09:55] [debug] ( prunsrv.c:844 ) [ 1656] reportServiceStatusE: 4, 0, 0, 0
[2014-09-10 11:10:00] [debug] ( prunsrv.c:844 ) [ 1656] reportServiceStatusE: 4, 0, 0, 0
[2014-09-10 11:10:00] [debug] ( prunsrv.c:844 ) [ 1656] reportServiceStatusE: 4, 0, 0, 0
[2014-09-10 11:10:00] [debug] ( prunsrv.c:844 ) [ 1656] reportServiceStatusE: 4, 0, 0, 0
[2014-09-10 11:10:05] [debug] ( prunsrv.c:844 ) [ 1656] reportServiceStatusE: 4, 0, 0, 0
[2014-09-10 11:10:05] [debug] ( prunsrv.c:844 ) [ 1656] reportServiceStatusE: 4, 0, 0, 0
[2014-09-10 11:10:05] [debug] ( prunsrv.c:844 ) [ 1656] reportServiceStatusE: 4, 0, 0, 0
[2014-09-10 11:10:10] [debug] ( prunsrv.c:844 ) [ 1656] reportServiceStatusE: 4, 0, 0, 0
[2014-09-10 11:10:10] [debug] ( prunsrv.c:844 ) [ 1656] reportServiceStatusE: 4, 0, 0, 0
[2014-09-10 11:10:10] [debug] ( prunsrv.c:844 ) [ 1656] reportServiceStatusE: 4, 0, 0, 0
[2014-09-10 11:10:15] [debug] ( prunsrv.c:844 ) [ 1656] reportServiceStatusE: 4, 0, 0, 0
[2014-09-10 11:10:15] [debug] ( prunsrv.c:844 ) [ 1656] reportServiceStatusE: 4, 0, 0, 0
[2014-09-10 11:10:15] [debug] ( prunsrv.c:844 ) [ 1656] reportServiceStatusE: 4, 0, 0, 0
[2014-09-10 11:10:20] [debug] ( prunsrv.c:844 ) [ 1656] reportServiceStatusE: 4, 0, 0, 0
[2014-09-10 11:10:20] [debug] ( prunsrv.c:844 ) [ 1656] reportServiceStatusE: 4, 0, 0, 0
[2014-09-10 11:10:20] [debug] ( prunsrv.c:844 ) [ 1656] reportServiceStatusE: 4, 0, 0, 0
[2014-09-10 11:10:25] [debug] ( prunsrv.c:844 ) [ 1656] reportServiceStatusE: 4, 0, 0, 0
[2014-09-10 11:10:25] [debug] ( prunsrv.c:844 ) [ 1656] reportServiceStatusE: 4, 0, 0, 0
[2014-09-10 11:10:25] [debug] ( prunsrv.c:844 ) [ 1656] reportServiceStatusE: 4, 0, 0, 0
[2014-09-10 11:10:30] [debug] ( prunsrv.c:844 ) [ 1656] reportServiceStatusE: 4, 0, 0, 0
[2014-09-10 11:10:30] [debug] ( prunsrv.c:844 ) [ 1656] reportServiceStatusE: 4, 0, 0, 0
[2014-09-10 11:10:30] [debug] ( prunsrv.c:844 ) [ 1656] reportServiceStatusE: 4, 0, 0, 0
[2014-09-10 11:10:35] [debug] ( prunsrv.c:844 ) [ 1656] reportServiceStatusE: 4, 0, 0, 0
[2014-09-10 11:10:35] [debug] ( prunsrv.c:844 ) [ 1656] reportServiceStatusE: 4, 0, 0, 0
[2014-09-10 11:10:35] [debug] ( prunsrv.c:844 ) [ 1656] reportServiceStatusE: 4, 0, 0, 0
[2014-09-10 11:10:40] [debug] ( prunsrv.c:844 ) [ 1656] reportServiceStatusE: 4, 0, 0, 0
[2014-09-10 11:10:40] [debug] ( prunsrv.c:844 ) [ 1656] reportServiceStatusE: 4, 0, 0, 0
[2014-09-10 11:10:40] [debug] ( prunsrv.c:844 ) [ 1656] reportServiceStatusE: 4, 0, 0, 0
[2014-09-10 11:10:46] [debug] ( prunsrv.c:844 ) [ 1656] reportServiceStatusE: 4, 0, 0, 0
[2014-09-10 11:10:46] [debug] ( prunsrv.c:844 ) [ 1656] reportServiceStatusE: 4, 0, 0, 0
[2014-09-10 11:10:46] [debug] ( prunsrv.c:844 ) [ 1656] reportServiceStatusE: 4, 0, 0, 0
[2014-09-10 11:10:51] [debug] ( prunsrv.c:844 ) [ 1656] reportServiceStatusE: 4, 0, 0, 0
[2014-09-10 11:10:51] [debug] ( prunsrv.c:844 ) [ 1656] reportServiceStatusE: 4, 0, 0, 0
[2014-09-10 11:10:51] [debug] ( prunsrv.c:844 ) [ 1656] reportServiceStatusE: 4, 0, 0, 0
[2014-09-10 11:10:56] [debug] ( prunsrv.c:844 ) [ 1656] reportServiceStatusE: 4, 0, 0, 0
[2014-09-10 11:10:56] [debug] ( prunsrv.c:844 ) [ 1656] reportServiceStatusE: 4, 0, 0, 0
[2014-09-10 11:10:56] [debug] ( prunsrv.c:844 ) [ 1656] reportServiceStatusE: 4, 0, 0, 0
[2014-09-10 11:11:01] [debug] ( prunsrv.c:844 ) [ 1656] reportServiceStatusE: 4, 0, 0, 0
[2014-09-10 11:11:01] [debug] ( prunsrv.c:844 ) [ 1656] reportServiceStatusE: 4, 0, 0, 0
[2014-09-10 11:11:01] [debug] ( prunsrv.c:844 ) [ 1656] reportServiceStatusE: 4, 0, 0, 0
[2014-09-10 11:11:06] [debug] ( prunsrv.c:844 ) [ 1656] reportServiceStatusE: 4, 0, 0, 0
[2014-09-10 11:11:06] [debug] ( prunsrv.c:844 ) [ 1656] reportServiceStatusE: 4, 0, 0, 0
[2014-09-10 11:11:06] [debug] ( prunsrv.c:844 ) [ 1656] reportServiceStatusE: 4, 0, 0, 0
[2014-09-10 11:11:11] [debug] ( prunsrv.c:844 ) [ 1656] reportServiceStatusE: 4, 0, 0, 0
[2014-09-10 11:11:11] [debug] ( prunsrv.c:844 ) [ 1656] reportServiceStatusE: 4, 0, 0, 0
[2014-09-10 11:11:11] [debug] ( prunsrv.c:844 ) [ 1656] reportServiceStatusE: 4, 0, 0, 0
[2014-09-10 11:11:16] [debug] ( prunsrv.c:844 ) [ 1656] reportServiceStatusE: 4, 0, 0, 0
[2014-09-10 11:11:16] [debug] ( prunsrv.c:844 ) [ 1656] reportServiceStatusE: 4, 0, 0, 0
[2014-09-10 11:11:16] [debug] ( prunsrv.c:844 ) [ 1656] reportServiceStatusE: 4, 0, 0, 0
[2014-09-10 11:11:22] [debug] ( prunsrv.c:844 ) [ 1656] reportServiceStatusE: 4, 0, 0, 0
[2014-09-10 11:11:22] [debug] ( prunsrv.c:844 ) [ 1656] reportServiceStatusE: 4, 0, 0, 0
[2014-09-10 11:11:22] [debug] ( prunsrv.c:844 ) [ 1656] reportServiceStatusE: 4, 0, 0, 0
[2014-09-10 11:11:27] [debug] ( prunsrv.c:844 ) [ 1656] reportServiceStatusE: 4, 0, 0, 0
[2014-09-10 11:11:27] [debug] ( prunsrv.c:844 ) [ 1656] reportServiceStatusE: 4, 0, 0, 0
[2014-09-10 11:11:27] [debug] ( prunsrv.c:844 ) [ 1656] reportServiceStatusE: 4, 0, 0, 0
[2014-09-10 11:11:32] [debug] ( prunsrv.c:844 ) [ 1656] reportServiceStatusE: 4, 0, 0, 0
[2014-09-10 11:11:32] [debug] ( prunsrv.c:844 ) [ 1656] reportServiceStatusE: 4, 0, 0, 0
[2014-09-10 11:11:32] [debug] ( prunsrv.c:844 ) [ 1656] reportServiceStatusE: 4, 0, 0, 0
[2014-09-10 11:11:37] [debug] ( prunsrv.c:844 ) [ 1656] reportServiceStatusE: 4, 0, 0, 0
[2014-09-10 11:11:37] [debug] ( prunsrv.c:844 ) [ 1656] reportServiceStatusE: 4, 0, 0, 0
[2014-09-10 11:11:37] [debug] ( prunsrv.c:844 ) [ 1656] reportServiceStatusE: 4, 0, 0, 0
[2014-09-10 11:11:42] [debug] ( prunsrv.c:844 ) [ 1656] reportServiceStatusE: 4, 0, 0, 0
[2014-09-10 11:11:42] [debug] ( prunsrv.c:844 ) [ 1656] reportServiceStatusE: 4, 0, 0, 0
[2014-09-10 11:11:42] [debug] ( prunsrv.c:844 ) [ 1656] reportServiceStatusE: 4, 0, 0, 0
[2014-09-10 11:11:47] [debug] ( prunsrv.c:844 ) [ 1656] reportServiceStatusE: 4, 0, 0, 0
[2014-09-10 11:11:47] [debug] ( prunsrv.c:844 ) [ 1656] reportServiceStatusE: 4, 0, 0, 0
[2014-09-10 11:11:47] [debug] ( prunsrv.c:844 ) [ 1656] reportServiceStatusE: 4, 0, 0, 0
[2014-09-10 11:11:52] [debug] ( prunsrv.c:844 ) [ 1656] reportServiceStatusE: 4, 0, 0, 0
[2014-09-10 11:11:52] [debug] ( prunsrv.c:844 ) [ 1656] reportServiceStatusE: 4, 0, 0, 0
[2014-09-10 11:11:52] [debug] ( prunsrv.c:844 ) [ 1656] reportServiceStatusE: 4, 0, 0, 0
[2014-09-10 11:11:57] [debug] ( prunsrv.c:844 ) [ 1656] reportServiceStatusE: 4, 0, 0, 0
[2014-09-10 11:11:57] [debug] ( prunsrv.c:844 ) [ 1656] reportServiceStatusE: 4, 0, 0, 0
[2014-09-10 11:11:57] [debug] ( prunsrv.c:844 ) [ 1656] reportServiceStatusE: 4, 0, 0, 0
[2014-09-10 11:12:03] [debug] ( prunsrv.c:844 ) [ 1656] reportServiceStatusE: 4, 0, 0, 0
[2014-09-10 11:12:03] [debug] ( prunsrv.c:844 ) [ 1656] reportServiceStatusE: 4, 0, 0, 0
[2014-09-10 11:12:03] [debug] ( prunsrv.c:844 ) [ 1656] reportServiceStatusE: 4, 0, 0, 0
[2014-09-10 11:12:08] [debug] ( prunsrv.c:844 ) [ 1656] reportServiceStatusE: 4, 0, 0, 0
[2014-09-10 11:12:08] [debug] ( prunsrv.c:844 ) [ 1656] reportServiceStatusE: 4, 0, 0, 0
[2014-09-10 11:12:08] [debug] ( prunsrv.c:844 ) [ 1656] reportServiceStatusE: 4, 0, 0, 0
[2014-09-10 11:12:13] [debug] ( prunsrv.c:844 ) [ 1656] reportServiceStatusE: 4, 0, 0, 0
[2014-09-10 11:12:13] [debug] ( prunsrv.c:844 ) [ 1656] reportServiceStatusE: 4, 0, 0, 0
[2014-09-10 11:12:13] [debug] ( prunsrv.c:844 ) [ 1656] reportServiceStatusE: 4, 0, 0, 0
[2014-09-10 11:12:18] [debug] ( prunsrv.c:844 ) [ 1656] reportServiceStatusE: 4, 0, 0, 0
[2014-09-10 11:12:18] [debug] ( prunsrv.c:844 ) [ 1656] reportServiceStatusE: 4, 0, 0, 0
[2014-09-10 11:12:18] [debug] ( prunsrv.c:844 ) [ 1656] reportServiceStatusE: 4, 0, 0, 0
[2014-09-10 11:12:23] [debug] ( prunsrv.c:844 ) [ 1656] reportServiceStatusE: 4, 0, 0, 0
[2014-09-10 11:12:23] [debug] ( prunsrv.c:844 ) [ 1656] reportServiceStatusE: 4, 0, 0, 0
[2014-09-10 11:12:23] [debug] ( prunsrv.c:844 ) [ 1656] reportServiceStatusE: 4, 0, 0, 0
[2014-09-10 11:12:28] [debug] ( prunsrv.c:844 ) [ 1656] reportServiceStatusE: 4, 0, 0, 0
[2014-09-10 11:12:28] [debug] ( prunsrv.c:844 ) [ 1656] reportServiceStatusE: 4, 0, 0, 0
[2014-09-10 11:12:28] [debug] ( prunsrv.c:844 ) [ 1656] reportServiceStatusE: 4, 0, 0, 0
[2014-09-10 11:12:33] [debug] ( prunsrv.c:844 ) [ 1656] reportServiceStatusE: 4, 0, 0, 0
[2014-09-10 11:12:33] [debug] ( prunsrv.c:844 ) [ 1656] reportServiceStatusE: 4, 0, 0, 0
[2014-09-10 11:12:33] [debug] ( prunsrv.c:844 ) [ 1656] reportServiceStatusE: 4, 0, 0, 0
[2014-09-10 11:12:38] [debug] ( prunsrv.c:844 ) [ 1656] reportServiceStatusE: 4, 0, 0, 0
[2014-09-10 11:12:38] [debug] ( prunsrv.c:844 ) [ 1656] reportServiceStatusE: 4, 0, 0, 0
[2014-09-10 11:12:38] [debug] ( prunsrv.c:844 ) [ 1656] reportServiceStatusE: 4, 0, 0, 0
[2014-09-10 11:12:43] [debug] ( prunsrv.c:844 ) [ 1656] reportServiceStatusE: 4, 0, 0, 0
[2014-09-10 11:12:43] [debug] ( prunsrv.c:844 ) [ 1656] reportServiceStatusE: 4, 0, 0, 0
[2014-09-10 11:12:43] [debug] ( prunsrv.c:844 ) [ 1656] reportServiceStatusE: 4, 0, 0, 0
[2014-09-10 11:12:49] [debug] ( prunsrv.c:844 ) [ 1656] reportServiceStatusE: 4, 0, 0, 0
[2014-09-10 11:12:49] [debug] ( prunsrv.c:844 ) [ 1656] reportServiceStatusE: 4, 0, 0, 0
[2014-09-10 11:12:49] [debug] ( prunsrv.c:844 ) [ 1656] reportServiceStatusE: 4, 0, 0, 0
[2014-09-10 11:12:54] [debug] ( prunsrv.c:844 ) [ 1656] reportServiceStatusE: 4, 0, 0, 0
[2014-09-10 11:12:54] [debug] ( prunsrv.c:844 ) [ 1656] reportServiceStatusE: 4, 0, 0, 0
[2014-09-10 11:12:54] [debug] ( prunsrv.c:844 ) [ 1656] reportServiceStatusE: 4, 0, 0, 0
[2014-09-10 11:12:59] [debug] ( prunsrv.c:844 ) [ 1656] reportServiceStatusE: 4, 0, 0, 0
[2014-09-10 11:12:59] [debug] ( prunsrv.c:844 ) [ 1656] reportServiceStatusE: 4, 0, 0, 0
[2014-09-10 11:12:59] [debug] ( prunsrv.c:844 ) [ 1656] reportServiceStatusE: 4, 0, 0, 0
[2014-09-10 11:13:04] [debug] ( prunsrv.c:844 ) [ 1656] reportServiceStatusE: 4, 0, 0, 0
[2014-09-10 11:13:04] [debug] ( prunsrv.c:844 ) [ 1656] reportServiceStatusE: 4, 0, 0, 0
[2014-09-10 11:13:04] [debug] ( prunsrv.c:844 ) [ 1656] reportServiceStatusE: 4, 0, 0, 0
[2014-09-10 11:13:09] [debug] ( prunsrv.c:844 ) [ 1656] reportServiceStatusE: 4, 0, 0, 0
[2014-09-10 11:13:09] [debug] ( prunsrv.c:844 ) [ 1656] reportServiceStatusE: 4, 0, 0, 0
[2014-09-10 11:13:09] [debug] ( prunsrv.c:844 ) [ 1656] reportServiceStatusE: 4, 0, 0, 0
[2014-09-10 11:13:14] [debug] ( prunsrv.c:844 ) [ 1656] reportServiceStatusE: 4, 0, 0, 0
[2014-09-10 11:13:14] [debug] ( prunsrv.c:844 ) [ 1656] reportServiceStatusE: 4, 0, 0, 0
[2014-09-10 11:13:14] [debug] ( prunsrv.c:844 ) [ 1656] reportServiceStatusE: 4, 0, 0, 0
[2014-09-10 11:13:19] [debug] ( prunsrv.c:844 ) [ 1656] reportServiceStatusE: 4, 0, 0, 0
[2014-09-10 11:13:19] [debug] ( prunsrv.c:844 ) [ 1656] reportServiceStatusE: 4, 0, 0, 0
[2014-09-10 11:13:19] [debug] ( prunsrv.c:844 ) [ 1656] reportServiceStatusE: 4, 0, 0, 0
[2014-09-10 11:13:24] [debug] ( prunsrv.c:844 ) [ 1656] reportServiceStatusE: 4, 0, 0, 0
[2014-09-10 11:13:25] [debug] ( prunsrv.c:844 ) [ 1656] reportServiceStatusE: 4, 0, 0, 0
[2014-09-10 11:13:25] [debug] ( prunsrv.c:844 ) [ 1656] reportServiceStatusE: 4, 0, 0, 0
[2014-09-10 11:13:30] [debug] ( prunsrv.c:844 ) [ 1656] reportServiceStatusE: 4, 0, 0, 0
[2014-09-10 11:13:30] [debug] ( prunsrv.c:844 ) [ 1656] reportServiceStatusE: 4, 0, 0, 0
[2014-09-10 11:13:30] [debug] ( prunsrv.c:844 ) [ 1656] reportServiceStatusE: 4, 0, 0, 0
[2014-09-10 11:13:35] [debug] ( prunsrv.c:844 ) [ 1656] reportServiceStatusE: 4, 0, 0, 0
[2014-09-10 11:13:35] [debug] ( prunsrv.c:844 ) [ 1656] reportServiceStatusE: 4, 0, 0, 0
[2014-09-10 11:13:35] [debug] ( prunsrv.c:844 ) [ 1656] reportServiceStatusE: 4, 0, 0, 0
[2014-09-10 11:13:40] [debug] ( prunsrv.c:844 ) [ 1656] reportServiceStatusE: 4, 0, 0, 0
[2014-09-10 11:13:40] [debug] ( prunsrv.c:844 ) [ 1656] reportServiceStatusE: 4, 0, 0, 0
[2014-09-10 11:13:40] [debug] ( prunsrv.c:844 ) [ 1656] reportServiceStatusE: 4, 0, 0, 0
[2014-09-10 11:13:46] [debug] ( prunsrv.c:844 ) [ 1656] reportServiceStatusE: 4, 0, 0, 0
[2014-09-10 11:13:46] [debug] ( prunsrv.c:844 ) [ 1656] reportServiceStatusE: 4, 0, 0, 0
[2014-09-10 11:13:46] [debug] ( prunsrv.c:844 ) [ 1656] reportServiceStatusE: 4, 0, 0, 0
[2014-09-10 11:13:51] [debug] ( prunsrv.c:844 ) [ 1656] reportServiceStatusE: 4, 0, 0, 0
[2014-09-10 11:13:51] [debug] ( prunsrv.c:844 ) [ 1656] reportServiceStatusE: 4, 0, 0, 0
[2014-09-10 11:13:51] [debug] ( prunsrv.c:844 ) [ 1656] reportServiceStatusE: 4, 0, 0, 0
[2014-09-10 11:13:56] [debug] ( prunsrv.c:844 ) [ 1656] reportServiceStatusE: 4, 0, 0, 0
[2014-09-10 11:13:56] [debug] ( prunsrv.c:844 ) [ 1656] reportServiceStatusE: 4, 0, 0, 0
[2014-09-10 11:13:56] [debug] ( prunsrv.c:844 ) [ 1656] reportServiceStatusE: 4, 0, 0, 0
[2014-09-10 11:14:01] [debug] ( prunsrv.c:844 ) [ 1656] reportServiceStatusE: 4, 0, 0, 0
[2014-09-10 11:14:01] [debug] ( prunsrv.c:844 ) [ 1656] reportServiceStatusE: 4, 0, 0, 0
[2014-09-10 11:14:01] [debug] ( prunsrv.c:844 ) [ 1656] reportServiceStatusE: 4, 0, 0, 0
[2014-09-10 11:14:06] [debug] ( prunsrv.c:844 ) [ 1656] reportServiceStatusE: 4, 0, 0, 0
[2014-09-10 11:14:06] [debug] ( prunsrv.c:844 ) [ 1656] reportServiceStatusE: 4, 0, 0, 0
[2014-09-10 11:14:06] [debug] ( prunsrv.c:844 ) [ 1656] reportServiceStatusE: 4, 0, 0, 0
[2014-09-10 11:14:11] [debug] ( prunsrv.c:844 ) [ 1656] reportServiceStatusE: 4, 0, 0, 0
[2014-09-10 11:14:11] [debug] ( prunsrv.c:844 ) [ 1656] reportServiceStatusE: 4, 0, 0, 0
[2014-09-10 11:14:11] [debug] ( prunsrv.c:844 ) [ 1656] reportServiceStatusE: 4, 0, 0, 0
[2014-09-10 11:14:16] [debug] ( prunsrv.c:844 ) [ 1656] reportServiceStatusE: 4, 0, 0, 0
[2014-09-10 11:14:16] [debug] ( prunsrv.c:844 ) [ 1656] reportServiceStatusE: 4, 0, 0, 0
[2014-09-10 11:14:16] [debug] ( prunsrv.c:844 ) [ 1656] reportServiceStatusE: 4, 0, 0, 0
[2014-09-10 11:14:21] [debug] ( prunsrv.c:844 ) [ 1656] reportServiceStatusE: 4, 0, 0, 0
[2014-09-10 11:14:21] [debug] ( prunsrv.c:844 ) [ 1656] reportServiceStatusE: 4, 0, 0, 0
[2014-09-10 11:14:21] [debug] ( prunsrv.c:844 ) [ 1656] reportServiceStatusE: 4, 0, 0, 0
[2014-09-10 11:14:26] [debug] ( prunsrv.c:844 ) [ 1656] reportServiceStatusE: 4, 0, 0, 0
[2014-09-10 11:14:26] [debug] ( prunsrv.c:844 ) [ 1656] reportServiceStatusE: 4, 0, 0, 0
[2014-09-10 11:14:26] [debug] ( prunsrv.c:844 ) [ 1656] reportServiceStatusE: 4, 0, 0, 0
[2014-09-10 11:14:32] [debug] ( prunsrv.c:844 ) [ 1656] reportServiceStatusE: 4, 0, 0, 0
[2014-09-10 11:14:32] [debug] ( prunsrv.c:844 ) [ 1656] reportServiceStatusE: 4, 0, 0, 0
[2014-09-10 11:14:32] [debug] ( prunsrv.c:844 ) [ 1656] reportServiceStatusE: 4, 0, 0, 0
[2014-09-10 11:14:37] [debug] ( prunsrv.c:844 ) [ 1656] reportServiceStatusE: 4, 0, 0, 0
[2014-09-10 11:14:37] [debug] ( prunsrv.c:844 ) [ 1656] reportServiceStatusE: 4, 0, 0, 0
[2014-09-10 11:14:37] [debug] ( prunsrv.c:844 ) [ 1656] reportServiceStatusE: 4, 0, 0, 0
[2014-09-10 11:14:42] [debug] ( prunsrv.c:844 ) [ 1656] reportServiceStatusE: 4, 0, 0, 0
[2014-09-10 11:14:42] [debug] ( prunsrv.c:844 ) [ 1656] reportServiceStatusE: 4, 0, 0, 0
[2014-09-10 11:14:42] [debug] ( prunsrv.c:844 ) [ 1656] reportServiceStatusE: 4, 0, 0, 0
[2014-09-10 11:14:47] [debug] ( prunsrv.c:844 ) [ 1656] reportServiceStatusE: 4, 0, 0, 0
[2014-09-10 11:14:47] [debug] ( prunsrv.c:844 ) [ 1656] reportServiceStatusE: 4, 0, 0, 0
[2014-09-10 11:14:47] [debug] ( prunsrv.c:844 ) [ 1656] reportServiceStatusE: 4, 0, 0, 0
[2014-09-10 11:14:52] [debug] ( prunsrv.c:844 ) [ 1656] reportServiceStatusE: 4, 0, 0, 0
[2014-09-10 11:14:52] [debug] ( prunsrv.c:844 ) [ 1656] reportServiceStatusE: 4, 0, 0, 0
[2014-09-10 11:14:52] [debug] ( prunsrv.c:844 ) [ 1656] reportServiceStatusE: 4, 0, 0, 0
[2014-09-10 11:14:57] [debug] ( prunsrv.c:844 ) [ 1656] reportServiceStatusE: 4, 0, 0, 0
[2014-09-10 11:14:57] [debug] ( prunsrv.c:844 ) [ 1656] reportServiceStatusE: 4, 0, 0, 0
[2014-09-10 11:14:57] [debug] ( prunsrv.c:844 ) [ 1656] reportServiceStatusE: 4, 0, 0, 0
[2014-09-10 11:15:02] [debug] ( prunsrv.c:844 ) [ 1656] reportServiceStatusE: 4, 0, 0, 0
[2014-09-10 11:15:02] [debug] ( prunsrv.c:844 ) [ 1656] reportServiceStatusE: 4, 0, 0, 0
[2014-09-10 11:15:02] [debug] ( prunsrv.c:844 ) [ 1656] reportServiceStatusE: 4, 0, 0, 0
[2014-09-10 11:15:07] [debug] ( prunsrv.c:844 ) [ 1656] reportServiceStatusE: 4, 0, 0, 0
[2014-09-10 11:15:07] [debug] ( prunsrv.c:844 ) [ 1656] reportServiceStatusE: 4, 0, 0, 0
[2014-09-10 11:15:07] [debug] ( prunsrv.c:844 ) [ 1656] reportServiceStatusE: 4, 0, 0, 0
[2014-09-10 11:15:12] [debug] ( prunsrv.c:844 ) [ 1656] reportServiceStatusE: 4, 0, 0, 0
[2014-09-10 11:15:13] [debug] ( prunsrv.c:844 ) [ 1656] reportServiceStatusE: 4, 0, 0, 0
[2014-09-10 11:15:13] [debug] ( prunsrv.c:844 ) [ 1656] reportServiceStatusE: 4, 0, 0, 0
[2014-09-10 11:15:18] [debug] ( prunsrv.c:844 ) [ 1656] reportServiceStatusE: 4, 0, 0, 0
[2014-09-10 11:15:18] [debug] ( prunsrv.c:844 ) [ 1656] reportServiceStatusE: 4, 0, 0, 0
[2014-09-10 11:15:18] [debug] ( prunsrv.c:844 ) [ 1656] reportServiceStatusE: 4, 0, 0, 0
[2014-09-10 11:15:23] [debug] ( prunsrv.c:844 ) [ 1656] reportServiceStatusE: 4, 0, 0, 0
[2014-09-10 11:15:23] [debug] ( prunsrv.c:844 ) [ 1656] reportServiceStatusE: 4, 0, 0, 0
[2014-09-10 11:15:23] [debug] ( prunsrv.c:844 ) [ 1656] reportServiceStatusE: 4, 0, 0, 0
[2014-09-10 11:15:28] [debug] ( prunsrv.c:844 ) [ 1656] reportServiceStatusE: 4, 0, 0, 0
[2014-09-10 11:15:28] [debug] ( prunsrv.c:844 ) [ 1656] reportServiceStatusE: 4, 0, 0, 0
[2014-09-10 11:15:28] [debug] ( prunsrv.c:844 ) [ 1656] reportServiceStatusE: 4, 0, 0, 0
[2014-09-10 11:15:33] [debug] ( prunsrv.c:844 ) [ 1656] reportServiceStatusE: 4, 0, 0, 0
[2014-09-10 11:15:33] [debug] ( prunsrv.c:844 ) [ 1656] reportServiceStatusE: 4, 0, 0, 0
[2014-09-10 11:15:33] [debug] ( prunsrv.c:844 ) [ 1656] reportServiceStatusE: 4, 0, 0, 0
[2014-09-10 11:15:38] [debug] ( prunsrv.c:844 ) [ 1656] reportServiceStatusE: 4, 0, 0, 0
[2014-09-10 11:15:38] [debug] ( prunsrv.c:844 ) [ 1656] reportServiceStatusE: 4, 0, 0, 0
[2014-09-10 11:15:38] [debug] ( prunsrv.c:844 ) [ 1656] reportServiceStatusE: 4, 0, 0, 0
[2014-09-10 11:15:43] [debug] ( prunsrv.c:844 ) [ 1656] reportServiceStatusE: 4, 0, 0, 0
[2014-09-10 11:15:43] [debug] ( prunsrv.c:844 ) [ 1656] reportServiceStatusE: 4, 0, 0, 0
[2014-09-10 11:15:43] [debug] ( prunsrv.c:844 ) [ 1656] reportServiceStatusE: 4, 0, 0, 0
[2014-09-10 11:15:48] [debug] ( prunsrv.c:844 ) [ 1656] reportServiceStatusE: 4, 0, 0, 0
[2014-09-10 11:15:48] [debug] ( prunsrv.c:844 ) [ 1656] reportServiceStatusE: 4, 0, 0, 0
[2014-09-10 11:15:48] [debug] ( prunsrv.c:844 ) [ 1656] reportServiceStatusE: 4, 0, 0, 0
[2014-09-10 11:15:53] [debug] ( prunsrv.c:844 ) [ 1656] reportServiceStatusE: 4, 0, 0, 0
[2014-09-10 11:15:53] [debug] ( prunsrv.c:844 ) [ 1656] reportServiceStatusE: 4, 0, 0, 0
[2014-09-10 11:15:53] [debug] ( prunsrv.c:844 ) [ 1656] reportServiceStatusE: 4, 0, 0, 0
[2014-09-10 11:15:59] [debug] ( prunsrv.c:844 ) [ 1656] reportServiceStatusE: 4, 0, 0, 0
[2014-09-10 11:15:59] [debug] ( prunsrv.c:844 ) [ 1656] reportServiceStatusE: 4, 0, 0, 0
[2014-09-10 11:15:59] [debug] ( prunsrv.c:844 ) [ 1656] reportServiceStatusE: 4, 0, 0, 0
[2014-09-10 11:16:04] [debug] ( prunsrv.c:844 ) [ 1656] reportServiceStatusE: 4, 0, 0, 0
[2014-09-10 11:16:04] [debug] ( prunsrv.c:844 ) [ 1656] reportServiceStatusE: 4, 0, 0, 0
[2014-09-10 11:16:04] [debug] ( prunsrv.c:844 ) [ 1656] reportServiceStatusE: 4, 0, 0, 0
[2014-09-10 11:16:09] [debug] ( prunsrv.c:844 ) [ 1656] reportServiceStatusE: 4, 0, 0, 0
[2014-09-10 11:16:09] [debug] ( prunsrv.c:844 ) [ 1656] reportServiceStatusE: 4, 0, 0, 0
[2014-09-10 11:16:09] [debug] ( prunsrv.c:844 ) [ 1656] reportServiceStatusE: 4, 0, 0, 0
[2014-09-10 11:16:14] [debug] ( prunsrv.c:844 ) [ 1656] reportServiceStatusE: 4, 0, 0, 0
[2014-09-10 11:16:14] [debug] ( prunsrv.c:844 ) [ 1656] reportServiceStatusE: 4, 0, 0, 0
[2014-09-10 11:16:14] [debug] ( prunsrv.c:844 ) [ 1656] reportServiceStatusE: 4, 0, 0, 0
[2014-09-10 11:16:19] [debug] ( prunsrv.c:844 ) [ 1656] reportServiceStatusE: 4, 0, 0, 0
[2014-09-10 11:16:19] [debug] ( prunsrv.c:844 ) [ 1656] reportServiceStatusE: 4, 0, 0, 0
[2014-09-10 11:16:19] [debug] ( prunsrv.c:844 ) [ 1656] reportServiceStatusE: 4, 0, 0, 0
[2014-09-10 11:16:24] [debug] ( prunsrv.c:844 ) [ 1656] reportServiceStatusE: 4, 0, 0, 0
[2014-09-10 11:16:24] [debug] ( prunsrv.c:844 ) [ 1656] reportServiceStatusE: 4, 0, 0, 0
[2014-09-10 11:16:24] [debug] ( prunsrv.c:844 ) [ 1656] reportServiceStatusE: 4, 0, 0, 0
[2014-09-10 11:16:29] [debug] ( prunsrv.c:844 ) [ 1656] reportServiceStatusE: 4, 0, 0, 0
[2014-09-10 11:16:29] [debug] ( prunsrv.c:844 ) [ 1656] reportServiceStatusE: 4, 0, 0, 0
[2014-09-10 11:16:29] [debug] ( prunsrv.c:844 ) [ 1656] reportServiceStatusE: 4, 0, 0, 0
[2014-09-10 11:16:34] [debug] ( prunsrv.c:844 ) [ 1656] reportServiceStatusE: 4, 0, 0, 0
[2014-09-10 11:16:34] [debug] ( prunsrv.c:844 ) [ 1656] reportServiceStatusE: 4, 0, 0, 0
[2014-09-10 11:16:34] [debug] ( prunsrv.c:844 ) [ 1656] reportServiceStatusE: 4, 0, 0, 0
[2014-09-10 11:16:39] [debug] ( prunsrv.c:844 ) [ 1656] reportServiceStatusE: 4, 0, 0, 0
[2014-09-10 11:16:39] [debug] ( prunsrv.c:844 ) [ 1656] reportServiceStatusE: 4, 0, 0, 0
[2014-09-10 11:16:39] [debug] ( prunsrv.c:844 ) [ 1656] reportServiceStatusE: 4, 0, 0, 0
[2014-09-10 11:16:45] [debug] ( prunsrv.c:844 ) [ 1656] reportServiceStatusE: 4, 0, 0, 0
[2014-09-10 11:16:45] [debug] ( prunsrv.c:844 ) [ 1656] reportServiceStatusE: 4, 0, 0, 0
[2014-09-10 11:16:45] [debug] ( prunsrv.c:844 ) [ 1656] reportServiceStatusE: 4, 0, 0, 0
[2014-09-10 11:16:50] [debug] ( prunsrv.c:844 ) [ 1656] reportServiceStatusE: 4, 0, 0, 0
[2014-09-10 11:16:50] [debug] ( prunsrv.c:844 ) [ 1656] reportServiceStatusE: 4, 0, 0, 0
[2014-09-10 11:16:50] [debug] ( prunsrv.c:844 ) [ 1656] reportServiceStatusE: 4, 0, 0, 0
[2014-09-10 11:16:55] [debug] ( prunsrv.c:844 ) [ 1656] reportServiceStatusE: 4, 0, 0, 0
[2014-09-10 11:16:55] [debug] ( prunsrv.c:844 ) [ 1656] reportServiceStatusE: 4, 0, 0, 0
[2014-09-10 11:16:55] [debug] ( prunsrv.c:844 ) [ 1656] reportServiceStatusE: 4, 0, 0, 0
[2014-09-10 11:17:00] [debug] ( prunsrv.c:844 ) [ 1656] reportServiceStatusE: 4, 0, 0, 0
[2014-09-10 11:17:00] [debug] ( prunsrv.c:844 ) [ 1656] reportServiceStatusE: 4, 0, 0, 0
[2014-09-10 11:17:00] [debug] ( prunsrv.c:844 ) [ 1656] reportServiceStatusE: 4, 0, 0, 0
[2014-09-10 11:17:05] [debug] ( prunsrv.c:844 ) [ 1656] reportServiceStatusE: 4, 0, 0, 0
[2014-09-10 11:17:05] [debug] ( prunsrv.c:844 ) [ 1656] reportServiceStatusE: 4, 0, 0, 0
[2014-09-10 11:17:05] [debug] ( prunsrv.c:844 ) [ 1656] reportServiceStatusE: 4, 0, 0, 0
[2014-09-10 11:17:10] [debug] ( prunsrv.c:844 ) [ 1656] reportServiceStatusE: 4, 0, 0, 0
[2014-09-10 11:17:10] [debug] ( prunsrv.c:844 ) [ 1656] reportServiceStatusE: 4, 0, 0, 0
[2014-09-10 11:17:10] [debug] ( prunsrv.c:844 ) [ 1656] reportServiceStatusE: 4, 0, 0, 0
[2014-09-10 11:17:15] [debug] ( prunsrv.c:844 ) [ 1656] reportServiceStatusE: 4, 0, 0, 0
[2014-09-10 11:17:15] [debug] ( prunsrv.c:844 ) [ 1656] reportServiceStatusE: 4, 0, 0, 0
[2014-09-10 11:17:15] [debug] ( prunsrv.c:844 ) [ 1656] reportServiceStatusE: 4, 0, 0, 0
[2014-09-10 11:17:20] [debug] ( prunsrv.c:844 ) [ 1656] reportServiceStatusE: 4, 0, 0, 0
[2014-09-10 11:17:20] [debug] ( prunsrv.c:844 ) [ 1656] reportServiceStatusE: 4, 0, 0, 0
[2014-09-10 11:17:20] [debug] ( prunsrv.c:844 ) [ 1656] reportServiceStatusE: 4, 0, 0, 0
[2014-09-10 11:17:25] [debug] ( prunsrv.c:844 ) [ 1656] reportServiceStatusE: 4, 0, 0, 0
[2014-09-10 11:17:25] [debug] ( prunsrv.c:844 ) [ 1656] reportServiceStatusE: 4, 0, 0, 0
[2014-09-10 11:17:25] [debug] ( prunsrv.c:844 ) [ 1656] reportServiceStatusE: 4, 0, 0, 0
[2014-09-10 11:17:31] [debug] ( prunsrv.c:844 ) [ 1656] reportServiceStatusE: 4, 0, 0, 0
[2014-09-10 11:17:31] [debug] ( prunsrv.c:844 ) [ 1656] reportServiceStatusE: 4, 0, 0, 0
[2014-09-10 11:17:31] [debug] ( prunsrv.c:844 ) [ 1656] reportServiceStatusE: 4, 0, 0, 0
[2014-09-10 11:17:36] [debug] ( prunsrv.c:844 ) [ 1656] reportServiceStatusE: 4, 0, 0, 0
[2014-09-10 11:17:36] [debug] ( prunsrv.c:844 ) [ 1656] reportServiceStatusE: 4, 0, 0, 0
[2014-09-10 11:17:36] [debug] ( prunsrv.c:844 ) [ 1656] reportServiceStatusE: 4, 0, 0, 0
[2014-09-10 11:17:41] [debug] ( prunsrv.c:844 ) [ 1656] reportServiceStatusE: 4, 0, 0, 0
[2014-09-10 11:17:41] [debug] ( prunsrv.c:844 ) [ 1656] reportServiceStatusE: 4, 0, 0, 0
[2014-09-10 11:17:41] [debug] ( prunsrv.c:844 ) [ 1656] reportServiceStatusE: 4, 0, 0, 0
[2014-09-10 11:17:46] [debug] ( prunsrv.c:844 ) [ 1656] reportServiceStatusE: 4, 0, 0, 0
[2014-09-10 11:17:46] [debug] ( prunsrv.c:844 ) [ 1656] reportServiceStatusE: 4, 0, 0, 0
[2014-09-10 11:17:46] [debug] ( prunsrv.c:844 ) [ 1656] reportServiceStatusE: 4, 0, 0, 0
[2014-09-10 11:17:51] [debug] ( prunsrv.c:844 ) [ 1656] reportServiceStatusE: 4, 0, 0, 0
[2014-09-10 11:17:51] [debug] ( prunsrv.c:844 ) [ 1656] reportServiceStatusE: 4, 0, 0, 0
[2014-09-10 11:17:51] [debug] ( prunsrv.c:844 ) [ 1656] reportServiceStatusE: 4, 0, 0, 0
[2014-09-10 11:17:56] [debug] ( prunsrv.c:844 ) [ 1656] reportServiceStatusE: 4, 0, 0, 0
[2014-09-10 11:17:56] [debug] ( prunsrv.c:844 ) [ 1656] reportServiceStatusE: 4, 0, 0, 0
[2014-09-10 11:17:56] [debug] ( prunsrv.c:844 ) [ 1656] reportServiceStatusE: 4, 0, 0, 0
[2014-09-10 11:18:01] [debug] ( prunsrv.c:844 ) [ 1656] reportServiceStatusE: 4, 0, 0, 0
[2014-09-10 11:18:01] [debug] ( prunsrv.c:844 ) [ 1656] reportServiceStatusE: 4, 0, 0, 0
[2014-09-10 11:18:01] [debug] ( prunsrv.c:844 ) [ 1656] reportServiceStatusE: 4, 0, 0, 0
[2014-09-10 11:18:06] [debug] ( prunsrv.c:844 ) [ 1656] reportServiceStatusE: 4, 0, 0, 0
[2014-09-10 11:18:06] [debug] ( prunsrv.c:844 ) [ 1656] reportServiceStatusE: 4, 0, 0, 0
[2014-09-10 11:18:06] [debug] ( prunsrv.c:844 ) [ 1656] reportServiceStatusE: 4, 0, 0, 0
[2014-09-10 11:18:11] [debug] ( prunsrv.c:844 ) [ 1656] reportServiceStatusE: 4, 0, 0, 0
[2014-09-10 11:18:11] [debug] ( prunsrv.c:844 ) [ 1656] reportServiceStatusE: 4, 0, 0, 0
[2014-09-10 11:18:11] [debug] ( prunsrv.c:844 ) [ 1656] reportServiceStatusE: 4, 0, 0, 0
[2014-09-10 11:18:17] [debug] ( prunsrv.c:844 ) [ 1656] reportServiceStatusE: 4, 0, 0, 0
[2014-09-10 11:18:17] [debug] ( prunsrv.c:844 ) [ 1656] reportServiceStatusE: 4, 0, 0, 0
[2014-09-10 11:18:17] [debug] ( prunsrv.c:844 ) [ 1656] reportServiceStatusE: 4, 0, 0, 0
[2014-09-10 11:18:22] [debug] ( prunsrv.c:844 ) [ 1656] reportServiceStatusE: 4, 0, 0, 0
[2014-09-10 11:18:22] [debug] ( prunsrv.c:844 ) [ 1656] reportServiceStatusE: 4, 0, 0, 0
[2014-09-10 11:18:22] [debug] ( prunsrv.c:844 ) [ 1656] reportServiceStatusE: 4, 0, 0, 0
[2014-09-10 11:18:27] [debug] ( prunsrv.c:844 ) [ 1656] reportServiceStatusE: 4, 0, 0, 0
[2014-09-10 11:18:27] [debug] ( prunsrv.c:844 ) [ 1656] reportServiceStatusE: 4, 0, 0, 0
[2014-09-10 11:18:27] [debug] ( prunsrv.c:844 ) [ 1656] reportServiceStatusE: 4, 0, 0, 0
[2014-09-10 11:18:32] [debug] ( prunsrv.c:844 ) [ 1656] reportServiceStatusE: 4, 0, 0, 0
[2014-09-10 11:18:32] [debug] ( prunsrv.c:844 ) [ 1656] reportServiceStatusE: 4, 0, 0, 0
[2014-09-10 11:18:32] [debug] ( prunsrv.c:844 ) [ 1656] reportServiceStatusE: 4, 0, 0, 0
[2014-09-10 11:18:37] [debug] ( prunsrv.c:844 ) [ 1656] reportServiceStatusE: 4, 0, 0, 0
[2014-09-10 11:18:37] [debug] ( prunsrv.c:844 ) [ 1656] reportServiceStatusE: 4, 0, 0, 0
[2014-09-10 11:18:37] [debug] ( prunsrv.c:844 ) [ 1656] reportServiceStatusE: 4, 0, 0, 0
[2014-09-10 11:18:42] [debug] ( prunsrv.c:844 ) [ 1656] reportServiceStatusE: 4, 0, 0, 0
[2014-09-10 11:18:42] [debug] ( prunsrv.c:844 ) [ 1656] reportServiceStatusE: 4, 0, 0, 0
[2014-09-10 11:18:42] [debug] ( prunsrv.c:844 ) [ 1656] reportServiceStatusE: 4, 0, 0, 0
[2014-09-10 11:18:47] [debug] ( prunsrv.c:844 ) [ 1656] reportServiceStatusE: 4, 0, 0, 0
[2014-09-10 11:18:47] [debug] ( prunsrv.c:844 ) [ 1656] reportServiceStatusE: 4, 0, 0, 0
[2014-09-10 11:18:47] [debug] ( prunsrv.c:844 ) [ 1656] reportServiceStatusE: 4, 0, 0, 0
[2014-09-10 11:18:52] [debug] ( prunsrv.c:844 ) [ 1656] reportServiceStatusE: 4, 0, 0, 0
[2014-09-10 11:18:52] [debug] ( prunsrv.c:844 ) [ 1656] reportServiceStatusE: 4, 0, 0, 0
[2014-09-10 11:18:52] [debug] ( prunsrv.c:844 ) [ 1656] reportServiceStatusE: 4, 0, 0, 0
[2014-09-10 11:18:57] [debug] ( prunsrv.c:844 ) [ 1656] reportServiceStatusE: 4, 0, 0, 0
[2014-09-10 11:18:57] [debug] ( prunsrv.c:844 ) [ 1656] reportServiceStatusE: 4, 0, 0, 0
[2014-09-10 11:18:57] [debug] ( prunsrv.c:844 ) [ 1656] reportServiceStatusE: 4, 0, 0, 0
[2014-09-10 11:19:03] [debug] ( prunsrv.c:844 ) [ 1656] reportServiceStatusE: 4, 0, 0, 0
[2014-09-10 11:19:03] [debug] ( prunsrv.c:844 ) [ 1656] reportServiceStatusE: 4, 0, 0, 0
[2014-09-10 11:19:03] [debug] ( prunsrv.c:844 ) [ 1656] reportServiceStatusE: 4, 0, 0, 0
[2014-09-10 11:19:08] [debug] ( prunsrv.c:844 ) [ 1656] reportServiceStatusE: 4, 0, 0, 0
[2014-09-10 11:19:08] [debug] ( prunsrv.c:844 ) [ 1656] reportServiceStatusE: 4, 0, 0, 0
[2014-09-10 11:19:08] [debug] ( prunsrv.c:844 ) [ 1656] reportServiceStatusE: 4, 0, 0, 0
[2014-09-10 11:19:13] [debug] ( prunsrv.c:844 ) [ 1656] reportServiceStatusE: 4, 0, 0, 0
[2014-09-10 11:19:13] [debug] ( prunsrv.c:844 ) [ 1656] reportServiceStatusE: 4, 0, 0, 0
[2014-09-10 11:19:13] [debug] ( prunsrv.c:844 ) [ 1656] reportServiceStatusE: 4, 0, 0, 0
[2014-09-10 11:19:18] [debug] ( prunsrv.c:844 ) [ 1656] reportServiceStatusE: 4, 0, 0, 0
[2014-09-10 11:19:18] [debug] ( prunsrv.c:844 ) [ 1656] reportServiceStatusE: 4, 0, 0, 0
[2014-09-10 11:19:18] [debug] ( prunsrv.c:844 ) [ 1656] reportServiceStatusE: 4, 0, 0, 0
[2014-09-10 11:19:23] [debug] ( prunsrv.c:844 ) [ 1656] reportServiceStatusE: 4, 0, 0, 0
[2014-09-10 11:19:23] [debug] ( prunsrv.c:844 ) [ 1656] reportServiceStatusE: 4, 0, 0, 0
[2014-09-10 11:19:23] [debug] ( prunsrv.c:844 ) [ 1656] reportServiceStatusE: 4, 0, 0, 0
[2014-09-10 11:19:28] [debug] ( prunsrv.c:844 ) [ 1656] reportServiceStatusE: 4, 0, 0, 0
[2014-09-10 11:19:28] [debug] ( prunsrv.c:844 ) [ 1656] reportServiceStatusE: 4, 0, 0, 0
[2014-09-10 11:19:28] [debug] ( prunsrv.c:844 ) [ 1656] reportServiceStatusE: 4, 0, 0, 0
[2014-09-10 11:19:33] [debug] ( prunsrv.c:844 ) [ 1656] reportServiceStatusE: 4, 0, 0, 0
[2014-09-10 11:19:33] [debug] ( prunsrv.c:844 ) [ 1656] reportServiceStatusE: 4, 0, 0, 0
[2014-09-10 11:19:33] [debug] ( prunsrv.c:844 ) [ 1656] reportServiceStatusE: 4, 0, 0, 0
[2014-09-10 11:19:38] [debug] ( prunsrv.c:844 ) [ 1656] reportServiceStatusE: 4, 0, 0, 0
[2014-09-10 11:19:38] [debug] ( prunsrv.c:844 ) [ 1656] reportServiceStatusE: 4, 0, 0, 0
[2014-09-10 11:19:38] [debug] ( prunsrv.c:844 ) [ 1656] reportServiceStatusE: 4, 0, 0, 0
[2014-09-10 11:19:43] [debug] ( prunsrv.c:844 ) [ 1656] reportServiceStatusE: 4, 0, 0, 0
[2014-09-10 11:19:43] [debug] ( prunsrv.c:844 ) [ 1656] reportServiceStatusE: 4, 0, 0, 0
[2014-09-10 11:19:43] [debug] ( prunsrv.c:844 ) [ 1656] reportServiceStatusE: 4, 0, 0, 0
[2014-09-10 11:19:49] [debug] ( prunsrv.c:844 ) [ 1656] reportServiceStatusE: 4, 0, 0, 0
[2014-09-10 11:19:49] [debug] ( prunsrv.c:844 ) [ 1656] reportServiceStatusE: 4, 0, 0, 0
[2014-09-10 11:19:49] [debug] ( prunsrv.c:844 ) [ 1656] reportServiceStatusE: 4, 0, 0, 0
[2014-09-10 11:19:54] [debug] ( prunsrv.c:844 ) [ 1656] reportServiceStatusE: 4, 0, 0, 0
[2014-09-10 11:19:54] [debug] ( prunsrv.c:844 ) [ 1656] reportServiceStatusE: 4, 0, 0, 0
[2014-09-10 11:19:54] [debug] ( prunsrv.c:844 ) [ 1656] reportServiceStatusE: 4, 0, 0, 0
[2014-09-10 11:19:59] [debug] ( prunsrv.c:844 ) [ 1656] reportServiceStatusE: 4, 0, 0, 0
[2014-09-10 11:19:59] [debug] ( prunsrv.c:844 ) [ 1656] reportServiceStatusE: 4, 0, 0, 0
[2014-09-10 11:19:59] [debug] ( prunsrv.c:844 ) [ 1656] reportServiceStatusE: 4, 0, 0, 0
[2014-09-10 11:20:04] [debug] ( prunsrv.c:844 ) [ 1656] reportServiceStatusE: 4, 0, 0, 0
[2014-09-10 11:20:04] [debug] ( prunsrv.c:844 ) [ 1656] reportServiceStatusE: 4, 0, 0, 0
[2014-09-10 11:20:04] [debug] ( prunsrv.c:844 ) [ 1656] reportServiceStatusE: 4, 0, 0, 0
[2014-09-10 11:20:09] [debug] ( prunsrv.c:844 ) [ 1656] reportServiceStatusE: 4, 0, 0, 0
[2014-09-10 11:20:09] [debug] ( prunsrv.c:844 ) [ 1656] reportServiceStatusE: 4, 0, 0, 0
[2014-09-10 11:20:09] [debug] ( prunsrv.c:844 ) [ 1656] reportServiceStatusE: 4, 0, 0, 0
[2014-09-10 11:20:14] [debug] ( prunsrv.c:844 ) [ 1656] reportServiceStatusE: 4, 0, 0, 0
[2014-09-10 11:20:14] [debug] ( prunsrv.c:844 ) [ 1656] reportServiceStatusE: 4, 0, 0, 0
[2014-09-10 11:20:14] [debug] ( prunsrv.c:844 ) [ 1656] reportServiceStatusE: 4, 0, 0, 0
[2014-09-10 11:20:19] [debug] ( prunsrv.c:844 ) [ 1656] reportServiceStatusE: 4, 0, 0, 0
[2014-09-10 11:20:19] [debug] ( prunsrv.c:844 ) [ 1656] reportServiceStatusE: 4, 0, 0, 0
[2014-09-10 11:20:19] [debug] ( prunsrv.c:844 ) [ 1656] reportServiceStatusE: 4, 0, 0, 0
[2014-09-10 11:20:24] [debug] ( prunsrv.c:844 ) [ 1656] reportServiceStatusE: 4, 0, 0, 0
[2014-09-10 11:20:24] [debug] ( prunsrv.c:844 ) [ 1656] reportServiceStatusE: 4, 0, 0, 0
[2014-09-10 11:20:24] [debug] ( prunsrv.c:844 ) [ 1656] reportServiceStatusE: 4, 0, 0, 0
[2014-09-10 11:20:30] [debug] ( prunsrv.c:844 ) [ 1656] reportServiceStatusE: 4, 0, 0, 0
[2014-09-10 11:20:30] [debug] ( prunsrv.c:844 ) [ 1656] reportServiceStatusE: 4, 0, 0, 0
[2014-09-10 11:20:30] [debug] ( prunsrv.c:844 ) [ 1656] reportServiceStatusE: 4, 0, 0, 0
[2014-09-10 11:20:35] [debug] ( prunsrv.c:844 ) [ 1656] reportServiceStatusE: 4, 0, 0, 0
[2014-09-10 11:20:35] [debug] ( prunsrv.c:844 ) [ 1656] reportServiceStatusE: 4, 0, 0, 0
[2014-09-10 11:20:35] [debug] ( prunsrv.c:844 ) [ 1656] reportServiceStatusE: 4, 0, 0, 0
